<?xml version="1.0" encoding="UTF-8"?>
<testng-results ignored="1" total="37" passed="29" failed="7" skipped="0">
  <reporter-output>
  </reporter-output>
  <suite started-at="2025-05-30T07:01:49 CDT" name="Automation" finished-at="2025-05-30T07:06:43 CDT" duration-ms="293950">
    <groups>
    </groups>
    <test started-at="2025-05-30T07:01:49 CDT" name="Sales force Automation" finished-at="2025-05-30T07:06:43 CDT" duration-ms="293950">
      <class name="testcases.Contactstest">
        <test-method is-config="true" signature="beforeMethod()[pri:0, instance:testcases.Contactstest@408d971b]" started-at="2025-05-30T07:05:12 CDT" name="beforeMethod" finished-at="2025-05-30T07:05:13 CDT" duration-ms="1397" status="PASS">
          <reporter-output>
          </reporter-output>
        </test-method> <!-- beforeMethod -->
        <test-method signature="createNewContact25()[pri:1, instance:testcases.Contactstest@408d971b]" started-at="2025-05-30T07:05:13 CDT" name="createNewContact25" finished-at="2025-05-30T07:05:20 CDT" duration-ms="6308" status="PASS">
          <reporter-output>
          </reporter-output>
        </test-method> <!-- createNewContact25 -->
        <test-method is-config="true" signature="teardown()[pri:0, instance:testcases.Contactstest@408d971b]" started-at="2025-05-30T07:05:20 CDT" name="teardown" finished-at="2025-05-30T07:05:20 CDT" duration-ms="91" status="PASS">
          <reporter-output>
          </reporter-output>
        </test-method> <!-- teardown -->
        <test-method is-config="true" signature="beforeMethod()[pri:0, instance:testcases.Contactstest@408d971b]" started-at="2025-05-30T07:05:20 CDT" name="beforeMethod" finished-at="2025-05-30T07:05:21 CDT" duration-ms="1463" status="PASS">
          <reporter-output>
          </reporter-output>
        </test-method> <!-- beforeMethod -->
        <test-method signature="createNewViewContactPage26()[pri:2, instance:testcases.Contactstest@408d971b]" started-at="2025-05-30T07:05:21 CDT" name="createNewViewContactPage26" finished-at="2025-05-30T07:05:27 CDT" duration-ms="6035" status="PASS">
          <reporter-output>
          </reporter-output>
        </test-method> <!-- createNewViewContactPage26 -->
        <test-method is-config="true" signature="teardown()[pri:0, instance:testcases.Contactstest@408d971b]" started-at="2025-05-30T07:05:27 CDT" name="teardown" finished-at="2025-05-30T07:05:27 CDT" duration-ms="95" status="PASS">
          <reporter-output>
          </reporter-output>
        </test-method> <!-- teardown -->
        <test-method is-config="true" signature="beforeMethod()[pri:0, instance:testcases.Contactstest@408d971b]" started-at="2025-05-30T07:05:27 CDT" name="beforeMethod" finished-at="2025-05-30T07:05:29 CDT" duration-ms="1605" status="PASS">
          <reporter-output>
          </reporter-output>
        </test-method> <!-- beforeMethod -->
        <test-method signature="createdContactIsInTheContactpage27()[pri:3, instance:testcases.Contactstest@408d971b]" started-at="2025-05-30T07:05:29 CDT" name="createdContactIsInTheContactpage27" finished-at="2025-05-30T07:05:35 CDT" duration-ms="6237" status="PASS">
          <reporter-output>
          </reporter-output>
        </test-method> <!-- createdContactIsInTheContactpage27 -->
        <test-method is-config="true" signature="teardown()[pri:0, instance:testcases.Contactstest@408d971b]" started-at="2025-05-30T07:05:35 CDT" name="teardown" finished-at="2025-05-30T07:05:35 CDT" duration-ms="113" status="PASS">
          <reporter-output>
          </reporter-output>
        </test-method> <!-- teardown -->
        <test-method is-config="true" signature="beforeMethod()[pri:0, instance:testcases.Contactstest@408d971b]" started-at="2025-05-30T07:05:35 CDT" name="beforeMethod" finished-at="2025-05-30T07:05:37 CDT" duration-ms="1412" status="PASS">
          <reporter-output>
          </reporter-output>
        </test-method> <!-- beforeMethod -->
        <test-method signature="checkMyContacts28()[pri:4, instance:testcases.Contactstest@408d971b]" started-at="2025-05-30T07:05:37 CDT" name="checkMyContacts28" finished-at="2025-05-30T07:05:41 CDT" duration-ms="4047" status="FAIL">
          <exception class="java.lang.AssertionError">
            <message>
              <![CDATA[Expected contact name 'Indian' not found in My Contacts. expected [true] but found [false]]]>
            </message>
            <full-stacktrace>
              <![CDATA[java.lang.AssertionError: Expected contact name 'Indian' not found in My Contacts. expected [true] but found [false]
at org.testng.Assert.fail(Assert.java:111)
at org.testng.Assert.failNotEquals(Assert.java:1590)
at org.testng.Assert.assertTrue(Assert.java:57)
at testcases.Contactstest.checkMyContacts28(Contactstest.java:123)
at java.base/jdk.internal.reflect.DirectMethodHandleAccessor.invoke(DirectMethodHandleAccessor.java:103)
at java.base/java.lang.reflect.Method.invoke(Method.java:580)
at org.testng.internal.invokers.MethodInvocationHelper.invokeMethod(MethodInvocationHelper.java:141)
at org.testng.internal.invokers.TestInvoker.invokeMethod(TestInvoker.java:687)
at org.testng.internal.invokers.TestInvoker.invokeTestMethod(TestInvoker.java:230)
at org.testng.internal.invokers.MethodRunner.runInSequence(MethodRunner.java:63)
at org.testng.internal.invokers.TestInvoker$MethodInvocationAgent.invoke(TestInvoker.java:995)
at org.testng.internal.invokers.TestInvoker.invokeTestMethods(TestInvoker.java:203)
at org.testng.internal.invokers.TestMethodWorker.invokeTestMethods(TestMethodWorker.java:154)
at org.testng.internal.invokers.TestMethodWorker.run(TestMethodWorker.java:134)
at java.base/java.util.ArrayList.forEach(ArrayList.java:1597)
at org.testng.TestRunner.privateRun(TestRunner.java:741)
at org.testng.TestRunner.run(TestRunner.java:616)
at org.testng.SuiteRunner.runTest(SuiteRunner.java:421)
at org.testng.SuiteRunner.runSequentially(SuiteRunner.java:413)
at org.testng.SuiteRunner.privateRun(SuiteRunner.java:373)
at org.testng.SuiteRunner.run(SuiteRunner.java:312)
at org.testng.SuiteRunnerWorker.runSuite(SuiteRunnerWorker.java:52)
at org.testng.SuiteRunnerWorker.run(SuiteRunnerWorker.java:95)
at org.testng.TestNG.runSuitesSequentially(TestNG.java:1274)
at org.testng.TestNG.runSuitesLocally(TestNG.java:1208)
at org.testng.TestNG.runSuites(TestNG.java:1112)
at org.testng.TestNG.run(TestNG.java:1079)
at org.apache.maven.surefire.testng.TestNGExecutor.run(TestNGExecutor.java:308)
at org.apache.maven.surefire.testng.TestNGXmlTestSuite.execute(TestNGXmlTestSuite.java:71)
at org.apache.maven.surefire.testng.TestNGProvider.invoke(TestNGProvider.java:113)
at org.apache.maven.surefire.booter.ForkedBooter.runSuitesInProcess(ForkedBooter.java:385)
at org.apache.maven.surefire.booter.ForkedBooter.execute(ForkedBooter.java:162)
at org.apache.maven.surefire.booter.ForkedBooter.run(ForkedBooter.java:507)
at org.apache.maven.surefire.booter.ForkedBooter.main(ForkedBooter.java:495)
]]>
            </full-stacktrace>
          </exception> <!-- java.lang.AssertionError -->
          <reporter-output>
          </reporter-output>
        </test-method> <!-- checkMyContacts28 -->
        <test-method is-config="true" signature="teardown()[pri:0, instance:testcases.Contactstest@408d971b]" started-at="2025-05-30T07:05:41 CDT" name="teardown" finished-at="2025-05-30T07:05:41 CDT" duration-ms="127" status="PASS">
          <reporter-output>
          </reporter-output>
        </test-method> <!-- teardown -->
        <test-method is-config="true" signature="beforeMethod()[pri:0, instance:testcases.Contactstest@408d971b]" started-at="2025-05-30T07:05:41 CDT" name="beforeMethod" finished-at="2025-05-30T07:05:43 CDT" duration-ms="2270" status="PASS">
          <reporter-output>
          </reporter-output>
        </test-method> <!-- beforeMethod -->
        <test-method signature="viewAContact29()[pri:5, instance:testcases.Contactstest@408d971b]" started-at="2025-05-30T07:05:43 CDT" name="viewAContact29" finished-at="2025-05-30T07:05:47 CDT" duration-ms="4319" status="PASS">
          <reporter-output>
          </reporter-output>
        </test-method> <!-- viewAContact29 -->
        <test-method is-config="true" signature="teardown()[pri:0, instance:testcases.Contactstest@408d971b]" started-at="2025-05-30T07:05:47 CDT" name="teardown" finished-at="2025-05-30T07:05:48 CDT" duration-ms="102" status="PASS">
          <reporter-output>
          </reporter-output>
        </test-method> <!-- teardown -->
        <test-method is-config="true" signature="beforeMethod()[pri:0, instance:testcases.Contactstest@408d971b]" started-at="2025-05-30T07:05:48 CDT" name="beforeMethod" finished-at="2025-05-30T07:05:49 CDT" duration-ms="1570" status="PASS">
          <reporter-output>
          </reporter-output>
        </test-method> <!-- beforeMethod -->
        <test-method signature="viewAContact30()[pri:6, instance:testcases.Contactstest@408d971b]" started-at="2025-05-30T07:05:49 CDT" name="viewAContact30" finished-at="2025-05-30T07:05:53 CDT" duration-ms="4307" status="PASS">
          <reporter-output>
          </reporter-output>
        </test-method> <!-- viewAContact30 -->
        <test-method is-config="true" signature="teardown()[pri:0, instance:testcases.Contactstest@408d971b]" started-at="2025-05-30T07:05:53 CDT" name="teardown" finished-at="2025-05-30T07:05:54 CDT" duration-ms="114" status="PASS">
          <reporter-output>
          </reporter-output>
        </test-method> <!-- teardown -->
        <test-method is-config="true" signature="beforeMethod()[pri:0, instance:testcases.Contactstest@408d971b]" started-at="2025-05-30T07:05:54 CDT" name="beforeMethod" finished-at="2025-05-30T07:05:55 CDT" duration-ms="1689" status="PASS">
          <reporter-output>
          </reporter-output>
        </test-method> <!-- beforeMethod -->
        <test-method signature="cancelButtonInCreateNewView31()[pri:7, instance:testcases.Contactstest@408d971b]" started-at="2025-05-30T07:05:55 CDT" name="cancelButtonInCreateNewView31" finished-at="2025-05-30T07:06:00 CDT" duration-ms="4570" status="PASS">
          <reporter-output>
          </reporter-output>
        </test-method> <!-- cancelButtonInCreateNewView31 -->
        <test-method is-config="true" signature="teardown()[pri:0, instance:testcases.Contactstest@408d971b]" started-at="2025-05-30T07:06:00 CDT" name="teardown" finished-at="2025-05-30T07:06:00 CDT" duration-ms="124" status="PASS">
          <reporter-output>
          </reporter-output>
        </test-method> <!-- teardown -->
        <test-method is-config="true" signature="beforeMethod()[pri:0, instance:testcases.Contactstest@408d971b]" started-at="2025-05-30T07:06:00 CDT" name="beforeMethod" finished-at="2025-05-30T07:06:02 CDT" duration-ms="1891" status="PASS">
          <reporter-output>
          </reporter-output>
        </test-method> <!-- beforeMethod -->
        <test-method signature="saveAndNewButton32()[pri:7, instance:testcases.Contactstest@408d971b]" started-at="2025-05-30T07:06:02 CDT" name="saveAndNewButton32" finished-at="2025-05-30T07:06:09 CDT" duration-ms="7398" status="PASS">
          <reporter-output>
          </reporter-output>
        </test-method> <!-- saveAndNewButton32 -->
        <test-method is-config="true" signature="teardown()[pri:0, instance:testcases.Contactstest@408d971b]" started-at="2025-05-30T07:06:09 CDT" name="teardown" finished-at="2025-05-30T07:06:09 CDT" duration-ms="98" status="PASS">
          <reporter-output>
          </reporter-output>
        </test-method> <!-- teardown -->
      </class> <!-- testcases.Contactstest -->
      <class name="testcases.CreatOpportunitiestest">
        <test-method is-config="true" signature="beforeMethod()[pri:0, instance:testcases.CreatOpportunitiestest@75d4a5c2]" started-at="2025-05-30T07:04:12 CDT" name="beforeMethod" finished-at="2025-05-30T07:04:13 CDT" duration-ms="1547" status="PASS">
          <reporter-output>
          </reporter-output>
        </test-method> <!-- beforeMethod -->
        <test-method signature="opportunitiesDropdown15()[pri:1, instance:testcases.CreatOpportunitiestest@75d4a5c2]" started-at="2025-05-30T07:04:13 CDT" name="opportunitiesDropdown15" finished-at="2025-05-30T07:04:17 CDT" duration-ms="3556" status="PASS">
          <reporter-output>
          </reporter-output>
        </test-method> <!-- opportunitiesDropdown15 -->
        <test-method is-config="true" signature="teardown()[pri:0, instance:testcases.CreatOpportunitiestest@75d4a5c2]" started-at="2025-05-30T07:04:17 CDT" name="teardown" finished-at="2025-05-30T07:04:17 CDT" duration-ms="99" status="PASS">
          <reporter-output>
          </reporter-output>
        </test-method> <!-- teardown -->
        <test-method is-config="true" signature="beforeMethod()[pri:0, instance:testcases.CreatOpportunitiestest@75d4a5c2]" started-at="2025-05-30T07:04:17 CDT" name="beforeMethod" finished-at="2025-05-30T07:04:18 CDT" duration-ms="1427" status="PASS">
          <reporter-output>
          </reporter-output>
        </test-method> <!-- beforeMethod -->
        <test-method signature="createNewOpty16()[pri:2, instance:testcases.CreatOpportunitiestest@75d4a5c2]" started-at="2025-05-30T07:04:18 CDT" name="createNewOpty16" finished-at="2025-05-30T07:04:25 CDT" duration-ms="6652" status="PASS">
          <reporter-output>
          </reporter-output>
        </test-method> <!-- createNewOpty16 -->
        <test-method is-config="true" signature="teardown()[pri:0, instance:testcases.CreatOpportunitiestest@75d4a5c2]" started-at="2025-05-30T07:04:25 CDT" name="teardown" finished-at="2025-05-30T07:04:25 CDT" duration-ms="118" status="PASS">
          <reporter-output>
          </reporter-output>
        </test-method> <!-- teardown -->
        <test-method is-config="true" signature="beforeMethod()[pri:0, instance:testcases.CreatOpportunitiestest@75d4a5c2]" started-at="2025-05-30T07:04:25 CDT" name="beforeMethod" finished-at="2025-05-30T07:04:26 CDT" duration-ms="1397" status="PASS">
          <reporter-output>
          </reporter-output>
        </test-method> <!-- beforeMethod -->
        <test-method signature="oppoPipeLineReport17()[pri:3, instance:testcases.CreatOpportunitiestest@75d4a5c2]" started-at="2025-05-30T07:04:26 CDT" name="oppoPipeLineReport17" finished-at="2025-05-30T07:04:30 CDT" duration-ms="4184" status="PASS">
          <reporter-output>
          </reporter-output>
        </test-method> <!-- oppoPipeLineReport17 -->
        <test-method is-config="true" signature="teardown()[pri:0, instance:testcases.CreatOpportunitiestest@75d4a5c2]" started-at="2025-05-30T07:04:30 CDT" name="teardown" finished-at="2025-05-30T07:04:31 CDT" duration-ms="107" status="PASS">
          <reporter-output>
          </reporter-output>
        </test-method> <!-- teardown -->
        <test-method is-config="true" signature="beforeMethod()[pri:0, instance:testcases.CreatOpportunitiestest@75d4a5c2]" started-at="2025-05-30T07:04:31 CDT" name="beforeMethod" finished-at="2025-05-30T07:04:32 CDT" duration-ms="1412" status="PASS">
          <reporter-output>
          </reporter-output>
        </test-method> <!-- beforeMethod -->
        <test-method signature="stuckOpportunitiesReport18()[pri:4, instance:testcases.CreatOpportunitiestest@75d4a5c2]" started-at="2025-05-30T07:04:32 CDT" name="stuckOpportunitiesReport18" finished-at="2025-05-30T07:04:37 CDT" duration-ms="4585" status="PASS">
          <reporter-output>
          </reporter-output>
        </test-method> <!-- stuckOpportunitiesReport18 -->
        <test-method is-config="true" signature="teardown()[pri:0, instance:testcases.CreatOpportunitiestest@75d4a5c2]" started-at="2025-05-30T07:04:37 CDT" name="teardown" finished-at="2025-05-30T07:04:37 CDT" duration-ms="121" status="PASS">
          <reporter-output>
          </reporter-output>
        </test-method> <!-- teardown -->
        <test-method is-config="true" signature="beforeMethod()[pri:0, instance:testcases.CreatOpportunitiestest@75d4a5c2]" started-at="2025-05-30T07:04:37 CDT" name="beforeMethod" finished-at="2025-05-30T07:04:38 CDT" duration-ms="1439" status="PASS">
          <reporter-output>
          </reporter-output>
        </test-method> <!-- beforeMethod -->
        <test-method signature="quaterlySummaryReport19()[pri:5, instance:testcases.CreatOpportunitiestest@75d4a5c2]" started-at="2025-05-30T07:04:38 CDT" name="quaterlySummaryReport19" finished-at="2025-05-30T07:04:42 CDT" duration-ms="3486" status="PASS">
          <reporter-output>
          </reporter-output>
        </test-method> <!-- quaterlySummaryReport19 -->
        <test-method is-config="true" signature="teardown()[pri:0, instance:testcases.CreatOpportunitiestest@75d4a5c2]" started-at="2025-05-30T07:04:42 CDT" name="teardown" finished-at="2025-05-30T07:04:42 CDT" duration-ms="91" status="PASS">
          <reporter-output>
          </reporter-output>
        </test-method> <!-- teardown -->
      </class> <!-- testcases.CreatOpportunitiestest -->
      <class name="testcases.RandomScenariostest">
        <test-method is-config="true" signature="beforeMethod()[pri:0, instance:testcases.RandomScenariostest@6c6cb480]" started-at="2025-05-30T07:06:09 CDT" name="beforeMethod" finished-at="2025-05-30T07:06:11 CDT" duration-ms="1471" status="PASS">
          <reporter-output>
          </reporter-output>
        </test-method> <!-- beforeMethod -->
        <test-method signature="blockingAnEventInTheCalender36()[pri:0, instance:testcases.RandomScenariostest@6c6cb480]" started-at="2025-05-30T07:06:11 CDT" name="blockingAnEventInTheCalender36" finished-at="2025-05-30T07:06:19 CDT" duration-ms="8372" status="PASS">
          <reporter-output>
          </reporter-output>
        </test-method> <!-- blockingAnEventInTheCalender36 -->
        <test-method is-config="true" signature="teardown()[pri:0, instance:testcases.RandomScenariostest@6c6cb480]" started-at="2025-05-30T07:06:19 CDT" name="teardown" finished-at="2025-05-30T07:06:19 CDT" duration-ms="117" status="PASS">
          <reporter-output>
          </reporter-output>
        </test-method> <!-- teardown -->
        <test-method is-config="true" signature="beforeMethod()[pri:0, instance:testcases.RandomScenariostest@6c6cb480]" started-at="2025-05-30T07:06:19 CDT" name="beforeMethod" finished-at="2025-05-30T07:06:21 CDT" duration-ms="1385" status="PASS">
          <reporter-output>
          </reporter-output>
        </test-method> <!-- beforeMethod -->
        <test-method signature="verifyEditedLastNames34()[pri:0, instance:testcases.RandomScenariostest@6c6cb480]" started-at="2025-05-30T07:06:21 CDT" name="verifyEditedLastNames34" finished-at="2025-05-30T07:06:28 CDT" duration-ms="7486" status="FAIL">
          <exception class="java.lang.AssertionError">
            <message>
              <![CDATA[did not expect [Poornitha XYZ ] but found [Poornitha XYZ ]]]>
            </message>
            <full-stacktrace>
              <![CDATA[java.lang.AssertionError: did not expect [Poornitha XYZ ] but found [Poornitha XYZ ]
at org.testng.Assert.fail(Assert.java:111)
at org.testng.Assert.failEquals(Assert.java:1594)
at org.testng.Assert.assertNotEqualsImpl(Assert.java:157)
at org.testng.Assert.assertNotEquals(Assert.java:2217)
at org.testng.Assert.assertNotEquals(Assert.java:2239)
at testcases.RandomScenariostest.verifyEditedLastNames34(RandomScenariostest.java:97)
at java.base/jdk.internal.reflect.DirectMethodHandleAccessor.invoke(DirectMethodHandleAccessor.java:103)
at java.base/java.lang.reflect.Method.invoke(Method.java:580)
at org.testng.internal.invokers.MethodInvocationHelper.invokeMethod(MethodInvocationHelper.java:141)
at org.testng.internal.invokers.TestInvoker.invokeMethod(TestInvoker.java:687)
at org.testng.internal.invokers.TestInvoker.invokeTestMethod(TestInvoker.java:230)
at org.testng.internal.invokers.MethodRunner.runInSequence(MethodRunner.java:63)
at org.testng.internal.invokers.TestInvoker$MethodInvocationAgent.invoke(TestInvoker.java:995)
at org.testng.internal.invokers.TestInvoker.invokeTestMethods(TestInvoker.java:203)
at org.testng.internal.invokers.TestMethodWorker.invokeTestMethods(TestMethodWorker.java:154)
at org.testng.internal.invokers.TestMethodWorker.run(TestMethodWorker.java:134)
at java.base/java.util.ArrayList.forEach(ArrayList.java:1597)
at org.testng.TestRunner.privateRun(TestRunner.java:741)
at org.testng.TestRunner.run(TestRunner.java:616)
at org.testng.SuiteRunner.runTest(SuiteRunner.java:421)
at org.testng.SuiteRunner.runSequentially(SuiteRunner.java:413)
at org.testng.SuiteRunner.privateRun(SuiteRunner.java:373)
at org.testng.SuiteRunner.run(SuiteRunner.java:312)
at org.testng.SuiteRunnerWorker.runSuite(SuiteRunnerWorker.java:52)
at org.testng.SuiteRunnerWorker.run(SuiteRunnerWorker.java:95)
at org.testng.TestNG.runSuitesSequentially(TestNG.java:1274)
at org.testng.TestNG.runSuitesLocally(TestNG.java:1208)
at org.testng.TestNG.runSuites(TestNG.java:1112)
at org.testng.TestNG.run(TestNG.java:1079)
at org.apache.maven.surefire.testng.TestNGExecutor.run(TestNGExecutor.java:308)
at org.apache.maven.surefire.testng.TestNGXmlTestSuite.execute(TestNGXmlTestSuite.java:71)
at org.apache.maven.surefire.testng.TestNGProvider.invoke(TestNGProvider.java:113)
at org.apache.maven.surefire.booter.ForkedBooter.runSuitesInProcess(ForkedBooter.java:385)
at org.apache.maven.surefire.booter.ForkedBooter.execute(ForkedBooter.java:162)
at org.apache.maven.surefire.booter.ForkedBooter.run(ForkedBooter.java:507)
at org.apache.maven.surefire.booter.ForkedBooter.main(ForkedBooter.java:495)
]]>
            </full-stacktrace>
          </exception> <!-- java.lang.AssertionError -->
          <reporter-output>
          </reporter-output>
        </test-method> <!-- verifyEditedLastNames34 -->
        <test-method is-config="true" signature="teardown()[pri:0, instance:testcases.RandomScenariostest@6c6cb480]" started-at="2025-05-30T07:06:28 CDT" name="teardown" finished-at="2025-05-30T07:06:28 CDT" duration-ms="100" status="PASS">
          <reporter-output>
          </reporter-output>
        </test-method> <!-- teardown -->
        <test-method is-config="true" signature="beforeMethod()[pri:0, instance:testcases.RandomScenariostest@6c6cb480]" started-at="2025-05-30T07:06:28 CDT" name="beforeMethod" finished-at="2025-05-30T07:06:30 CDT" duration-ms="1469" status="PASS">
          <reporter-output>
          </reporter-output>
        </test-method> <!-- beforeMethod -->
        <test-method signature="verifyTabCustomization35()[pri:0, instance:testcases.RandomScenariostest@6c6cb480]" started-at="2025-05-30T07:06:30 CDT" name="verifyTabCustomization35" finished-at="2025-05-30T07:06:37 CDT" duration-ms="7184" status="FAIL">
          <exception class="java.lang.AssertionError">
            <message>
              <![CDATA[did not expect [8] but found [8]]]>
            </message>
            <full-stacktrace>
              <![CDATA[java.lang.AssertionError: did not expect [8] but found [8]
at org.testng.Assert.fail(Assert.java:111)
at org.testng.Assert.failEquals(Assert.java:1594)
at org.testng.Assert.assertNotEqualsImpl(Assert.java:157)
at org.testng.Assert.assertNotEquals(Assert.java:2217)
at org.testng.Assert.assertNotEquals(Assert.java:2239)
at testcases.RandomScenariostest.verifyTabCustomization35(RandomScenariostest.java:129)
at java.base/jdk.internal.reflect.DirectMethodHandleAccessor.invoke(DirectMethodHandleAccessor.java:103)
at java.base/java.lang.reflect.Method.invoke(Method.java:580)
at org.testng.internal.invokers.MethodInvocationHelper.invokeMethod(MethodInvocationHelper.java:141)
at org.testng.internal.invokers.TestInvoker.invokeMethod(TestInvoker.java:687)
at org.testng.internal.invokers.TestInvoker.invokeTestMethod(TestInvoker.java:230)
at org.testng.internal.invokers.MethodRunner.runInSequence(MethodRunner.java:63)
at org.testng.internal.invokers.TestInvoker$MethodInvocationAgent.invoke(TestInvoker.java:995)
at org.testng.internal.invokers.TestInvoker.invokeTestMethods(TestInvoker.java:203)
at org.testng.internal.invokers.TestMethodWorker.invokeTestMethods(TestMethodWorker.java:154)
at org.testng.internal.invokers.TestMethodWorker.run(TestMethodWorker.java:134)
at java.base/java.util.ArrayList.forEach(ArrayList.java:1597)
at org.testng.TestRunner.privateRun(TestRunner.java:741)
at org.testng.TestRunner.run(TestRunner.java:616)
at org.testng.SuiteRunner.runTest(SuiteRunner.java:421)
at org.testng.SuiteRunner.runSequentially(SuiteRunner.java:413)
at org.testng.SuiteRunner.privateRun(SuiteRunner.java:373)
at org.testng.SuiteRunner.run(SuiteRunner.java:312)
at org.testng.SuiteRunnerWorker.runSuite(SuiteRunnerWorker.java:52)
at org.testng.SuiteRunnerWorker.run(SuiteRunnerWorker.java:95)
at org.testng.TestNG.runSuitesSequentially(TestNG.java:1274)
at org.testng.TestNG.runSuitesLocally(TestNG.java:1208)
at org.testng.TestNG.runSuites(TestNG.java:1112)
at org.testng.TestNG.run(TestNG.java:1079)
at org.apache.maven.surefire.testng.TestNGExecutor.run(TestNGExecutor.java:308)
at org.apache.maven.surefire.testng.TestNGXmlTestSuite.execute(TestNGXmlTestSuite.java:71)
at org.apache.maven.surefire.testng.TestNGProvider.invoke(TestNGProvider.java:113)
at org.apache.maven.surefire.booter.ForkedBooter.runSuitesInProcess(ForkedBooter.java:385)
at org.apache.maven.surefire.booter.ForkedBooter.execute(ForkedBooter.java:162)
at org.apache.maven.surefire.booter.ForkedBooter.run(ForkedBooter.java:507)
at org.apache.maven.surefire.booter.ForkedBooter.main(ForkedBooter.java:495)
]]>
            </full-stacktrace>
          </exception> <!-- java.lang.AssertionError -->
          <reporter-output>
          </reporter-output>
        </test-method> <!-- verifyTabCustomization35 -->
        <test-method is-config="true" signature="teardown()[pri:0, instance:testcases.RandomScenariostest@6c6cb480]" started-at="2025-05-30T07:06:37 CDT" name="teardown" finished-at="2025-05-30T07:06:37 CDT" duration-ms="104" status="PASS">
          <reporter-output>
          </reporter-output>
        </test-method> <!-- teardown -->
        <test-method is-config="true" signature="beforeMethod()[pri:0, instance:testcases.RandomScenariostest@6c6cb480]" started-at="2025-05-30T07:06:37 CDT" name="beforeMethod" finished-at="2025-05-30T07:06:38 CDT" duration-ms="1399" status="PASS">
          <reporter-output>
          </reporter-output>
        </test-method> <!-- beforeMethod -->
        <test-method signature="verifyFirstNameLastName33()[pri:1, instance:testcases.RandomScenariostest@6c6cb480]" started-at="2025-05-30T07:06:38 CDT" name="verifyFirstNameLastName33" finished-at="2025-05-30T07:06:43 CDT" duration-ms="4801" status="PASS">
          <reporter-output>
          </reporter-output>
        </test-method> <!-- verifyFirstNameLastName33 -->
        <test-method is-config="true" signature="teardown()[pri:0, instance:testcases.RandomScenariostest@6c6cb480]" started-at="2025-05-30T07:06:43 CDT" name="teardown" finished-at="2025-05-30T07:06:43 CDT" duration-ms="95" status="PASS">
          <reporter-output>
          </reporter-output>
        </test-method> <!-- teardown -->
      </class> <!-- testcases.RandomScenariostest -->
      <class name="testcases.UsermenuDropdowntest">
        <test-method is-config="true" signature="beforeMethod()[pri:0, instance:testcases.UsermenuDropdowntest@1d296da]" started-at="2025-05-30T07:02:07 CDT" name="beforeMethod" finished-at="2025-05-30T07:02:09 CDT" duration-ms="1740" status="PASS">
          <reporter-output>
          </reporter-output>
        </test-method> <!-- beforeMethod -->
        <test-method signature="selectUsermenuDropdownTC5()[pri:0, instance:testcases.UsermenuDropdowntest@1d296da]" started-at="2025-05-30T07:02:09 CDT" name="selectUsermenuDropdownTC5" finished-at="2025-05-30T07:02:12 CDT" duration-ms="3282" status="PASS">
          <reporter-output>
          </reporter-output>
        </test-method> <!-- selectUsermenuDropdownTC5 -->
        <test-method is-config="true" signature="teardown()[pri:0, instance:testcases.UsermenuDropdowntest@1d296da]" started-at="2025-05-30T07:02:12 CDT" name="teardown" finished-at="2025-05-30T07:02:12 CDT" duration-ms="93" status="PASS">
          <reporter-output>
          </reporter-output>
        </test-method> <!-- teardown -->
        <test-method is-config="true" signature="beforeMethod()[pri:0, instance:testcases.UsermenuDropdowntest@1d296da]" started-at="2025-05-30T07:02:12 CDT" name="beforeMethod" finished-at="2025-05-30T07:02:13 CDT" duration-ms="1506" status="PASS">
          <reporter-output>
          </reporter-output>
        </test-method> <!-- beforeMethod -->
        <test-method signature="myProfileTC6()[pri:1, instance:testcases.UsermenuDropdowntest@1d296da]" started-at="2025-05-30T07:02:13 CDT" name="myProfileTC6" finished-at="2025-05-30T07:02:20 CDT" duration-ms="6752" status="PASS">
          <reporter-output>
          </reporter-output>
        </test-method> <!-- myProfileTC6 -->
        <test-method is-config="true" signature="teardown()[pri:0, instance:testcases.UsermenuDropdowntest@1d296da]" started-at="2025-05-30T07:02:20 CDT" name="teardown" finished-at="2025-05-30T07:02:20 CDT" duration-ms="120" status="PASS">
          <reporter-output>
          </reporter-output>
        </test-method> <!-- teardown -->
        <test-method is-config="true" signature="beforeMethod()[pri:0, instance:testcases.UsermenuDropdowntest@1d296da]" started-at="2025-05-30T07:02:20 CDT" name="beforeMethod" finished-at="2025-05-30T07:02:22 CDT" duration-ms="1364" status="PASS">
          <reporter-output>
          </reporter-output>
        </test-method> <!-- beforeMethod -->
        <test-method signature="mySettingsOption7()[pri:2, instance:testcases.UsermenuDropdowntest@1d296da]" started-at="2025-05-30T07:02:22 CDT" name="mySettingsOption7" finished-at="2025-05-30T07:02:31 CDT" duration-ms="9127" status="PASS">
          <reporter-output>
          </reporter-output>
        </test-method> <!-- mySettingsOption7 -->
        <test-method is-config="true" signature="teardown()[pri:0, instance:testcases.UsermenuDropdowntest@1d296da]" started-at="2025-05-30T07:02:31 CDT" name="teardown" finished-at="2025-05-30T07:02:31 CDT" duration-ms="112" status="PASS">
          <reporter-output>
          </reporter-output>
        </test-method> <!-- teardown -->
        <test-method is-config="true" signature="beforeMethod()[pri:0, instance:testcases.UsermenuDropdowntest@1d296da]" started-at="2025-05-30T07:02:31 CDT" name="beforeMethod" finished-at="2025-05-30T07:02:32 CDT" duration-ms="1449" status="PASS">
          <reporter-output>
          </reporter-output>
        </test-method> <!-- beforeMethod -->
        <test-method signature="developerConsole8()[pri:3, instance:testcases.UsermenuDropdowntest@1d296da]" started-at="2025-05-30T07:02:32 CDT" name="developerConsole8" finished-at="2025-05-30T07:02:36 CDT" duration-ms="3524" status="PASS">
          <reporter-output>
          </reporter-output>
        </test-method> <!-- developerConsole8 -->
        <test-method is-config="true" signature="teardown()[pri:0, instance:testcases.UsermenuDropdowntest@1d296da]" started-at="2025-05-30T07:02:36 CDT" name="teardown" finished-at="2025-05-30T07:02:36 CDT" duration-ms="95" status="PASS">
          <reporter-output>
          </reporter-output>
        </test-method> <!-- teardown -->
        <test-method is-config="true" signature="beforeMethod()[pri:0, instance:testcases.UsermenuDropdowntest@1d296da]" started-at="2025-05-30T07:02:36 CDT" name="beforeMethod" finished-at="2025-05-30T07:02:37 CDT" duration-ms="1418" status="PASS">
          <reporter-output>
          </reporter-output>
        </test-method> <!-- beforeMethod -->
        <test-method signature="logoutOption9()[pri:4, instance:testcases.UsermenuDropdowntest@1d296da]" started-at="2025-05-30T07:02:37 CDT" name="logoutOption9" finished-at="2025-05-30T07:02:42 CDT" duration-ms="4734" status="PASS">
          <reporter-output>
          </reporter-output>
        </test-method> <!-- logoutOption9 -->
        <test-method is-config="true" signature="teardown()[pri:0, instance:testcases.UsermenuDropdowntest@1d296da]" started-at="2025-05-30T07:02:42 CDT" name="teardown" finished-at="2025-05-30T07:02:42 CDT" duration-ms="109" status="PASS">
          <reporter-output>
          </reporter-output>
        </test-method> <!-- teardown -->
      </class> <!-- testcases.UsermenuDropdowntest -->
      <class name="testcases.Logintest">
        <test-method is-config="true" signature="beforeMethod()[pri:0, instance:testcases.Logintest@145f66e3]" started-at="2025-05-30T07:01:49 CDT" name="beforeMethod" finished-at="2025-05-30T07:01:51 CDT" duration-ms="2095" status="PASS">
          <reporter-output>
          </reporter-output>
        </test-method> <!-- beforeMethod -->
        <test-method signature="loginwithValidusernameandInvalidpassword1()[pri:1, instance:testcases.Logintest@145f66e3]" started-at="2025-05-30T07:01:51 CDT" name="loginwithValidusernameandInvalidpassword1" finished-at="2025-05-30T07:01:52 CDT" duration-ms="802" status="PASS">
          <reporter-output>
          </reporter-output>
        </test-method> <!-- loginwithValidusernameandInvalidpassword1 -->
        <test-method is-config="true" signature="teardown()[pri:0, instance:testcases.Logintest@145f66e3]" started-at="2025-05-30T07:01:52 CDT" name="teardown" finished-at="2025-05-30T07:01:52 CDT" duration-ms="130" status="PASS">
          <reporter-output>
          </reporter-output>
        </test-method> <!-- teardown -->
        <test-method is-config="true" signature="beforeMethod()[pri:0, instance:testcases.Logintest@145f66e3]" started-at="2025-05-30T07:01:52 CDT" name="beforeMethod" finished-at="2025-05-30T07:01:54 CDT" duration-ms="1404" status="PASS">
          <reporter-output>
          </reporter-output>
        </test-method> <!-- beforeMethod -->
        <test-method signature="logwithvalidusernameandpassword2()[pri:2, instance:testcases.Logintest@145f66e3]" started-at="2025-05-30T07:01:54 CDT" name="logwithvalidusernameandpassword2" finished-at="2025-05-30T07:01:57 CDT" duration-ms="3003" status="PASS">
          <reporter-output>
          </reporter-output>
        </test-method> <!-- logwithvalidusernameandpassword2 -->
        <test-method is-config="true" signature="teardown()[pri:0, instance:testcases.Logintest@145f66e3]" started-at="2025-05-30T07:01:57 CDT" name="teardown" finished-at="2025-05-30T07:01:57 CDT" duration-ms="61" status="PASS">
          <reporter-output>
          </reporter-output>
        </test-method> <!-- teardown -->
        <test-method is-config="true" signature="beforeMethod()[pri:0, instance:testcases.Logintest@145f66e3]" started-at="2025-05-30T07:01:57 CDT" name="beforeMethod" finished-at="2025-05-30T07:01:58 CDT" duration-ms="1485" status="PASS">
          <reporter-output>
          </reporter-output>
        </test-method> <!-- beforeMethod -->
        <test-method signature="checkRememberMe3()[pri:3, instance:testcases.Logintest@145f66e3]" started-at="2025-05-30T07:01:58 CDT" name="checkRememberMe3" finished-at="2025-05-30T07:02:03 CDT" duration-ms="4262" status="PASS">
          <reporter-output>
          </reporter-output>
        </test-method> <!-- checkRememberMe3 -->
        <test-method is-config="true" signature="teardown()[pri:0, instance:testcases.Logintest@145f66e3]" started-at="2025-05-30T07:02:03 CDT" name="teardown" finished-at="2025-05-30T07:02:03 CDT" duration-ms="116" status="PASS">
          <reporter-output>
          </reporter-output>
        </test-method> <!-- teardown -->
        <test-method is-config="true" signature="beforeMethod()[pri:0, instance:testcases.Logintest@145f66e3]" started-at="2025-05-30T07:02:03 CDT" name="beforeMethod" finished-at="2025-05-30T07:02:04 CDT" duration-ms="1451" status="PASS">
          <reporter-output>
          </reporter-output>
        </test-method> <!-- beforeMethod -->
        <test-method signature="forgotpswd4a()[pri:4, instance:testcases.Logintest@145f66e3]" started-at="2025-05-30T07:02:04 CDT" name="forgotpswd4a" finished-at="2025-05-30T07:02:05 CDT" duration-ms="693" status="PASS">
          <reporter-output>
          </reporter-output>
        </test-method> <!-- forgotpswd4a -->
        <test-method is-config="true" signature="teardown()[pri:0, instance:testcases.Logintest@145f66e3]" started-at="2025-05-30T07:02:05 CDT" name="teardown" finished-at="2025-05-30T07:02:05 CDT" duration-ms="101" status="PASS">
          <reporter-output>
          </reporter-output>
        </test-method> <!-- teardown -->
        <test-method is-config="true" signature="beforeMethod()[pri:0, instance:testcases.Logintest@145f66e3]" started-at="2025-05-30T07:02:05 CDT" name="beforeMethod" finished-at="2025-05-30T07:02:06 CDT" duration-ms="1450" status="PASS">
          <reporter-output>
          </reporter-output>
        </test-method> <!-- beforeMethod -->
        <test-method signature="forgotpswd4b()[pri:5, instance:testcases.Logintest@145f66e3]" started-at="2025-05-30T07:02:06 CDT" name="forgotpswd4b" finished-at="2025-05-30T07:02:07 CDT" duration-ms="336" status="PASS">
          <reporter-output>
          </reporter-output>
        </test-method> <!-- forgotpswd4b -->
        <test-method is-config="true" signature="teardown()[pri:0, instance:testcases.Logintest@145f66e3]" started-at="2025-05-30T07:02:07 CDT" name="teardown" finished-at="2025-05-30T07:02:07 CDT" duration-ms="98" status="PASS">
          <reporter-output>
          </reporter-output>
        </test-method> <!-- teardown -->
      </class> <!-- testcases.Logintest -->
      <class name="testcases.CreateAccounttest">
        <test-method is-config="true" signature="beforeMethod()[pri:0, instance:testcases.CreateAccounttest@7c7a06ec]" started-at="2025-05-30T07:02:42 CDT" name="beforeMethod" finished-at="2025-05-30T07:02:44 CDT" duration-ms="1461" status="PASS">
          <reporter-output>
          </reporter-output>
        </test-method> <!-- beforeMethod -->
        <test-method signature="createAccount10()[pri:1, instance:testcases.CreateAccounttest@7c7a06ec]" started-at="2025-05-30T07:02:44 CDT" name="createAccount10" finished-at="2025-05-30T07:03:04 CDT" duration-ms="20588" status="FAIL">
          <exception class="org.openqa.selenium.TimeoutException">
            <message>
              <![CDATA[Expected condition failed: waiting for visibility of Proxy element for: DefaultElementLocator 'By.xpath: //a[@title='Accounts Tab']' (tried for 20 second(s) with 500 milliseconds interval)]]>
            </message>
            <full-stacktrace>
              <![CDATA[org.openqa.selenium.TimeoutException: Expected condition failed: waiting for visibility of Proxy element for: DefaultElementLocator 'By.xpath: //a[@title='Accounts Tab']' (tried for 20 second(s) with 500 milliseconds interval)
at org.openqa.selenium.support.ui.WebDriverWait.timeoutException(WebDriverWait.java:95)
at org.openqa.selenium.support.ui.FluentWait.until(FluentWait.java:272)
at base.Basepage.waitforElement(Basepage.java:23)
at testcases.CreateAccounttest.createAccount10(CreateAccounttest.java:56)
at java.base/jdk.internal.reflect.DirectMethodHandleAccessor.invoke(DirectMethodHandleAccessor.java:103)
at java.base/java.lang.reflect.Method.invoke(Method.java:580)
at org.testng.internal.invokers.MethodInvocationHelper.invokeMethod(MethodInvocationHelper.java:141)
at org.testng.internal.invokers.TestInvoker.invokeMethod(TestInvoker.java:687)
at org.testng.internal.invokers.TestInvoker.invokeTestMethod(TestInvoker.java:230)
at org.testng.internal.invokers.MethodRunner.runInSequence(MethodRunner.java:63)
at org.testng.internal.invokers.TestInvoker$MethodInvocationAgent.invoke(TestInvoker.java:995)
at org.testng.internal.invokers.TestInvoker.invokeTestMethods(TestInvoker.java:203)
at org.testng.internal.invokers.TestMethodWorker.invokeTestMethods(TestMethodWorker.java:154)
at org.testng.internal.invokers.TestMethodWorker.run(TestMethodWorker.java:134)
at java.base/java.util.ArrayList.forEach(ArrayList.java:1597)
at org.testng.TestRunner.privateRun(TestRunner.java:741)
at org.testng.TestRunner.run(TestRunner.java:616)
at org.testng.SuiteRunner.runTest(SuiteRunner.java:421)
at org.testng.SuiteRunner.runSequentially(SuiteRunner.java:413)
at org.testng.SuiteRunner.privateRun(SuiteRunner.java:373)
at org.testng.SuiteRunner.run(SuiteRunner.java:312)
at org.testng.SuiteRunnerWorker.runSuite(SuiteRunnerWorker.java:52)
at org.testng.SuiteRunnerWorker.run(SuiteRunnerWorker.java:95)
at org.testng.TestNG.runSuitesSequentially(TestNG.java:1274)
at org.testng.TestNG.runSuitesLocally(TestNG.java:1208)
at org.testng.TestNG.runSuites(TestNG.java:1112)
at org.testng.TestNG.run(TestNG.java:1079)
at org.apache.maven.surefire.testng.TestNGExecutor.run(TestNGExecutor.java:308)
at org.apache.maven.surefire.testng.TestNGXmlTestSuite.execute(TestNGXmlTestSuite.java:71)
at org.apache.maven.surefire.testng.TestNGProvider.invoke(TestNGProvider.java:113)
at org.apache.maven.surefire.booter.ForkedBooter.runSuitesInProcess(ForkedBooter.java:385)
at org.apache.maven.surefire.booter.ForkedBooter.execute(ForkedBooter.java:162)
at org.apache.maven.surefire.booter.ForkedBooter.run(ForkedBooter.java:507)
at org.apache.maven.surefire.booter.ForkedBooter.main(ForkedBooter.java:495)
Caused by: org.openqa.selenium.NoSuchElementException: no such element: Unable to locate element: {"method":"xpath","selector":"//a[@title='Accounts Tab']"}
  (Session info: chrome=137.0.7151.55)
For documentation on this error, please visit: https://www.seleniumhq.org/exceptions/no_such_element.html
Build info: version: '3.141.59', revision: 'e82be7d358', time: '2018-11-14T08:17:03'
System info: host: 'LAPTOP-ASCRCERK', ip: '192.168.1.213', os.name: 'Windows 10', os.arch: 'amd64', os.version: '10.0', java.version: '23.0.2'
Driver info: org.openqa.selenium.chrome.ChromeDriver
Capabilities {acceptInsecureCerts: false, browserName: chrome, browserVersion: 137.0.7151.55, chrome: {chromedriverVersion: 137.0.7151.55 (254bc711794d..., userDataDir: C:\Users\mailm\AppData\Loca...}, fedcm:accounts: true, goog:chromeOptions: {debuggerAddress: localhost:62656}, javascriptEnabled: true, networkConnectionEnabled: false, pageLoadStrategy: normal, platform: WINDOWS, platformName: WINDOWS, proxy: Proxy(), setWindowRect: true, strictFileInteractability: false, timeouts: {implicit: 0, pageLoad: 300000, script: 30000}, unhandledPromptBehavior: dismiss and notify, webauthn:extension:credBlob: true, webauthn:extension:largeBlob: true, webauthn:extension:minPinLength: true, webauthn:extension:prf: true, webauthn:virtualAuthenticators: true}
Session ID: 0cd0485267ca66d50bcf5bfbf1689d98
*** Element info: {Using=xpath, value=//a[@title='Accounts Tab']}
at java.base/jdk.internal.reflect.DirectConstructorHandleAccessor.newInstance(DirectConstructorHandleAccessor.java:62)
at java.base/java.lang.reflect.Constructor.newInstanceWithCaller(Constructor.java:501)
at java.base/java.lang.reflect.Constructor.newInstance(Constructor.java:485)
at org.openqa.selenium.remote.http.W3CHttpResponseCodec.createException(W3CHttpResponseCodec.java:187)
at org.openqa.selenium.remote.http.W3CHttpResponseCodec.decode(W3CHttpResponseCodec.java:122)
at org.openqa.selenium.remote.http.W3CHttpResponseCodec.decode(W3CHttpResponseCodec.java:49)
at org.openqa.selenium.remote.HttpCommandExecutor.execute(HttpCommandExecutor.java:158)
at org.openqa.selenium.remote.service.DriverCommandExecutor.execute(DriverCommandExecutor.java:83)
at org.openqa.selenium.remote.RemoteWebDriver.execute(RemoteWebDriver.java:552)
at org.openqa.selenium.remote.RemoteWebDriver.findElement(RemoteWebDriver.java:323)
at org.openqa.selenium.remote.RemoteWebDriver.findElementByXPath(RemoteWebDriver.java:428)
at org.openqa.selenium.By$ByXPath.findElement(By.java:353)
at org.openqa.selenium.remote.RemoteWebDriver.findElement(RemoteWebDriver.java:315)
at org.openqa.selenium.support.pagefactory.DefaultElementLocator.findElement(DefaultElementLocator.java:69)
at org.openqa.selenium.support.pagefactory.internal.LocatingElementHandler.invoke(LocatingElementHandler.java:38)
at jdk.proxy2/jdk.proxy2.$Proxy8.isDisplayed(Unknown Source)
at org.openqa.selenium.support.ui.ExpectedConditions.elementIfVisible(ExpectedConditions.java:314)
at org.openqa.selenium.support.ui.ExpectedConditions.access$000(ExpectedConditions.java:43)
at org.openqa.selenium.support.ui.ExpectedConditions$10.apply(ExpectedConditions.java:300)
at org.openqa.selenium.support.ui.ExpectedConditions$10.apply(ExpectedConditions.java:297)
at org.openqa.selenium.support.ui.FluentWait.until(FluentWait.java:249)
... 32 more
]]>
            </full-stacktrace>
          </exception> <!-- org.openqa.selenium.TimeoutException -->
          <reporter-output>
          </reporter-output>
        </test-method> <!-- createAccount10 -->
        <test-method is-config="true" signature="teardown()[pri:0, instance:testcases.CreateAccounttest@7c7a06ec]" started-at="2025-05-30T07:03:04 CDT" name="teardown" finished-at="2025-05-30T07:03:04 CDT" duration-ms="108" status="PASS">
          <reporter-output>
          </reporter-output>
        </test-method> <!-- teardown -->
        <test-method is-config="true" signature="beforeMethod()[pri:0, instance:testcases.CreateAccounttest@7c7a06ec]" started-at="2025-05-30T07:03:04 CDT" name="beforeMethod" finished-at="2025-05-30T07:03:06 CDT" duration-ms="1400" status="PASS">
          <reporter-output>
          </reporter-output>
        </test-method> <!-- beforeMethod -->
        <test-method signature="createNewView11()[pri:2, instance:testcases.CreateAccounttest@7c7a06ec]" started-at="2025-05-30T07:03:06 CDT" name="createNewView11" finished-at="2025-05-30T07:03:26 CDT" duration-ms="20273" status="FAIL">
          <exception class="org.openqa.selenium.TimeoutException">
            <message>
              <![CDATA[Expected condition failed: waiting for visibility of Proxy element for: DefaultElementLocator 'By.xpath: //a[@title='Accounts Tab']' (tried for 20 second(s) with 500 milliseconds interval)]]>
            </message>
            <full-stacktrace>
              <![CDATA[org.openqa.selenium.TimeoutException: Expected condition failed: waiting for visibility of Proxy element for: DefaultElementLocator 'By.xpath: //a[@title='Accounts Tab']' (tried for 20 second(s) with 500 milliseconds interval)
at org.openqa.selenium.support.ui.WebDriverWait.timeoutException(WebDriverWait.java:95)
at org.openqa.selenium.support.ui.FluentWait.until(FluentWait.java:272)
at base.Basepage.waitforElement(Basepage.java:23)
at testcases.CreateAccounttest.createNewView11(CreateAccounttest.java:75)
at java.base/jdk.internal.reflect.DirectMethodHandleAccessor.invoke(DirectMethodHandleAccessor.java:103)
at java.base/java.lang.reflect.Method.invoke(Method.java:580)
at org.testng.internal.invokers.MethodInvocationHelper.invokeMethod(MethodInvocationHelper.java:141)
at org.testng.internal.invokers.TestInvoker.invokeMethod(TestInvoker.java:687)
at org.testng.internal.invokers.TestInvoker.invokeTestMethod(TestInvoker.java:230)
at org.testng.internal.invokers.MethodRunner.runInSequence(MethodRunner.java:63)
at org.testng.internal.invokers.TestInvoker$MethodInvocationAgent.invoke(TestInvoker.java:995)
at org.testng.internal.invokers.TestInvoker.invokeTestMethods(TestInvoker.java:203)
at org.testng.internal.invokers.TestMethodWorker.invokeTestMethods(TestMethodWorker.java:154)
at org.testng.internal.invokers.TestMethodWorker.run(TestMethodWorker.java:134)
at java.base/java.util.ArrayList.forEach(ArrayList.java:1597)
at org.testng.TestRunner.privateRun(TestRunner.java:741)
at org.testng.TestRunner.run(TestRunner.java:616)
at org.testng.SuiteRunner.runTest(SuiteRunner.java:421)
at org.testng.SuiteRunner.runSequentially(SuiteRunner.java:413)
at org.testng.SuiteRunner.privateRun(SuiteRunner.java:373)
at org.testng.SuiteRunner.run(SuiteRunner.java:312)
at org.testng.SuiteRunnerWorker.runSuite(SuiteRunnerWorker.java:52)
at org.testng.SuiteRunnerWorker.run(SuiteRunnerWorker.java:95)
at org.testng.TestNG.runSuitesSequentially(TestNG.java:1274)
at org.testng.TestNG.runSuitesLocally(TestNG.java:1208)
at org.testng.TestNG.runSuites(TestNG.java:1112)
at org.testng.TestNG.run(TestNG.java:1079)
at org.apache.maven.surefire.testng.TestNGExecutor.run(TestNGExecutor.java:308)
at org.apache.maven.surefire.testng.TestNGXmlTestSuite.execute(TestNGXmlTestSuite.java:71)
at org.apache.maven.surefire.testng.TestNGProvider.invoke(TestNGProvider.java:113)
at org.apache.maven.surefire.booter.ForkedBooter.runSuitesInProcess(ForkedBooter.java:385)
at org.apache.maven.surefire.booter.ForkedBooter.execute(ForkedBooter.java:162)
at org.apache.maven.surefire.booter.ForkedBooter.run(ForkedBooter.java:507)
at org.apache.maven.surefire.booter.ForkedBooter.main(ForkedBooter.java:495)
Caused by: org.openqa.selenium.NoSuchElementException: no such element: Unable to locate element: {"method":"xpath","selector":"//a[@title='Accounts Tab']"}
  (Session info: chrome=137.0.7151.55)
For documentation on this error, please visit: https://www.seleniumhq.org/exceptions/no_such_element.html
Build info: version: '3.141.59', revision: 'e82be7d358', time: '2018-11-14T08:17:03'
System info: host: 'LAPTOP-ASCRCERK', ip: '192.168.1.213', os.name: 'Windows 10', os.arch: 'amd64', os.version: '10.0', java.version: '23.0.2'
Driver info: org.openqa.selenium.chrome.ChromeDriver
Capabilities {acceptInsecureCerts: false, browserName: chrome, browserVersion: 137.0.7151.55, chrome: {chromedriverVersion: 137.0.7151.55 (254bc711794d..., userDataDir: C:\Users\mailm\AppData\Loca...}, fedcm:accounts: true, goog:chromeOptions: {debuggerAddress: localhost:62695}, javascriptEnabled: true, networkConnectionEnabled: false, pageLoadStrategy: normal, platform: WINDOWS, platformName: WINDOWS, proxy: Proxy(), setWindowRect: true, strictFileInteractability: false, timeouts: {implicit: 0, pageLoad: 300000, script: 30000}, unhandledPromptBehavior: dismiss and notify, webauthn:extension:credBlob: true, webauthn:extension:largeBlob: true, webauthn:extension:minPinLength: true, webauthn:extension:prf: true, webauthn:virtualAuthenticators: true}
Session ID: 2389432895ad2a6ecf03fcb552c68bc8
*** Element info: {Using=xpath, value=//a[@title='Accounts Tab']}
at java.base/jdk.internal.reflect.DirectConstructorHandleAccessor.newInstance(DirectConstructorHandleAccessor.java:62)
at java.base/java.lang.reflect.Constructor.newInstanceWithCaller(Constructor.java:501)
at java.base/java.lang.reflect.Constructor.newInstance(Constructor.java:485)
at org.openqa.selenium.remote.http.W3CHttpResponseCodec.createException(W3CHttpResponseCodec.java:187)
at org.openqa.selenium.remote.http.W3CHttpResponseCodec.decode(W3CHttpResponseCodec.java:122)
at org.openqa.selenium.remote.http.W3CHttpResponseCodec.decode(W3CHttpResponseCodec.java:49)
at org.openqa.selenium.remote.HttpCommandExecutor.execute(HttpCommandExecutor.java:158)
at org.openqa.selenium.remote.service.DriverCommandExecutor.execute(DriverCommandExecutor.java:83)
at org.openqa.selenium.remote.RemoteWebDriver.execute(RemoteWebDriver.java:552)
at org.openqa.selenium.remote.RemoteWebDriver.findElement(RemoteWebDriver.java:323)
at org.openqa.selenium.remote.RemoteWebDriver.findElementByXPath(RemoteWebDriver.java:428)
at org.openqa.selenium.By$ByXPath.findElement(By.java:353)
at org.openqa.selenium.remote.RemoteWebDriver.findElement(RemoteWebDriver.java:315)
at org.openqa.selenium.support.pagefactory.DefaultElementLocator.findElement(DefaultElementLocator.java:69)
at org.openqa.selenium.support.pagefactory.internal.LocatingElementHandler.invoke(LocatingElementHandler.java:38)
at jdk.proxy2/jdk.proxy2.$Proxy8.isDisplayed(Unknown Source)
at org.openqa.selenium.support.ui.ExpectedConditions.elementIfVisible(ExpectedConditions.java:314)
at org.openqa.selenium.support.ui.ExpectedConditions.access$000(ExpectedConditions.java:43)
at org.openqa.selenium.support.ui.ExpectedConditions$10.apply(ExpectedConditions.java:300)
at org.openqa.selenium.support.ui.ExpectedConditions$10.apply(ExpectedConditions.java:297)
at org.openqa.selenium.support.ui.FluentWait.until(FluentWait.java:249)
... 32 more
]]>
            </full-stacktrace>
          </exception> <!-- org.openqa.selenium.TimeoutException -->
          <reporter-output>
          </reporter-output>
        </test-method> <!-- createNewView11 -->
        <test-method is-config="true" signature="teardown()[pri:0, instance:testcases.CreateAccounttest@7c7a06ec]" started-at="2025-05-30T07:03:26 CDT" name="teardown" finished-at="2025-05-30T07:03:26 CDT" duration-ms="119" status="PASS">
          <reporter-output>
          </reporter-output>
        </test-method> <!-- teardown -->
        <test-method is-config="true" signature="beforeMethod()[pri:0, instance:testcases.CreateAccounttest@7c7a06ec]" started-at="2025-05-30T07:03:26 CDT" name="beforeMethod" finished-at="2025-05-30T07:03:28 CDT" duration-ms="1435" status="PASS">
          <reporter-output>
          </reporter-output>
        </test-method> <!-- beforeMethod -->
        <test-method signature="editView12()[pri:3, instance:testcases.CreateAccounttest@7c7a06ec]" started-at="2025-05-30T07:03:28 CDT" name="editView12" finished-at="2025-05-30T07:03:49 CDT" duration-ms="20963" status="FAIL">
          <exception class="org.openqa.selenium.TimeoutException">
            <message>
              <![CDATA[Expected condition failed: waiting for visibility of Proxy element for: DefaultElementLocator 'By.xpath: //a[@title='Accounts Tab']' (tried for 20 second(s) with 500 milliseconds interval)]]>
            </message>
            <full-stacktrace>
              <![CDATA[org.openqa.selenium.TimeoutException: Expected condition failed: waiting for visibility of Proxy element for: DefaultElementLocator 'By.xpath: //a[@title='Accounts Tab']' (tried for 20 second(s) with 500 milliseconds interval)
at org.openqa.selenium.support.ui.WebDriverWait.timeoutException(WebDriverWait.java:95)
at org.openqa.selenium.support.ui.FluentWait.until(FluentWait.java:272)
at base.Basepage.waitforElement(Basepage.java:23)
at testcases.CreateAccounttest.editView12(CreateAccounttest.java:92)
at java.base/jdk.internal.reflect.DirectMethodHandleAccessor.invoke(DirectMethodHandleAccessor.java:103)
at java.base/java.lang.reflect.Method.invoke(Method.java:580)
at org.testng.internal.invokers.MethodInvocationHelper.invokeMethod(MethodInvocationHelper.java:141)
at org.testng.internal.invokers.TestInvoker.invokeMethod(TestInvoker.java:687)
at org.testng.internal.invokers.TestInvoker.invokeTestMethod(TestInvoker.java:230)
at org.testng.internal.invokers.MethodRunner.runInSequence(MethodRunner.java:63)
at org.testng.internal.invokers.TestInvoker$MethodInvocationAgent.invoke(TestInvoker.java:995)
at org.testng.internal.invokers.TestInvoker.invokeTestMethods(TestInvoker.java:203)
at org.testng.internal.invokers.TestMethodWorker.invokeTestMethods(TestMethodWorker.java:154)
at org.testng.internal.invokers.TestMethodWorker.run(TestMethodWorker.java:134)
at java.base/java.util.ArrayList.forEach(ArrayList.java:1597)
at org.testng.TestRunner.privateRun(TestRunner.java:741)
at org.testng.TestRunner.run(TestRunner.java:616)
at org.testng.SuiteRunner.runTest(SuiteRunner.java:421)
at org.testng.SuiteRunner.runSequentially(SuiteRunner.java:413)
at org.testng.SuiteRunner.privateRun(SuiteRunner.java:373)
at org.testng.SuiteRunner.run(SuiteRunner.java:312)
at org.testng.SuiteRunnerWorker.runSuite(SuiteRunnerWorker.java:52)
at org.testng.SuiteRunnerWorker.run(SuiteRunnerWorker.java:95)
at org.testng.TestNG.runSuitesSequentially(TestNG.java:1274)
at org.testng.TestNG.runSuitesLocally(TestNG.java:1208)
at org.testng.TestNG.runSuites(TestNG.java:1112)
at org.testng.TestNG.run(TestNG.java:1079)
at org.apache.maven.surefire.testng.TestNGExecutor.run(TestNGExecutor.java:308)
at org.apache.maven.surefire.testng.TestNGXmlTestSuite.execute(TestNGXmlTestSuite.java:71)
at org.apache.maven.surefire.testng.TestNGProvider.invoke(TestNGProvider.java:113)
at org.apache.maven.surefire.booter.ForkedBooter.runSuitesInProcess(ForkedBooter.java:385)
at org.apache.maven.surefire.booter.ForkedBooter.execute(ForkedBooter.java:162)
at org.apache.maven.surefire.booter.ForkedBooter.run(ForkedBooter.java:507)
at org.apache.maven.surefire.booter.ForkedBooter.main(ForkedBooter.java:495)
Caused by: org.openqa.selenium.NoSuchElementException: no such element: Unable to locate element: {"method":"xpath","selector":"//a[@title='Accounts Tab']"}
  (Session info: chrome=137.0.7151.55)
For documentation on this error, please visit: https://www.seleniumhq.org/exceptions/no_such_element.html
Build info: version: '3.141.59', revision: 'e82be7d358', time: '2018-11-14T08:17:03'
System info: host: 'LAPTOP-ASCRCERK', ip: '192.168.1.213', os.name: 'Windows 10', os.arch: 'amd64', os.version: '10.0', java.version: '23.0.2'
Driver info: org.openqa.selenium.chrome.ChromeDriver
Capabilities {acceptInsecureCerts: false, browserName: chrome, browserVersion: 137.0.7151.55, chrome: {chromedriverVersion: 137.0.7151.55 (254bc711794d..., userDataDir: C:\Users\mailm\AppData\Loca...}, fedcm:accounts: true, goog:chromeOptions: {debuggerAddress: localhost:62734}, javascriptEnabled: true, networkConnectionEnabled: false, pageLoadStrategy: normal, platform: WINDOWS, platformName: WINDOWS, proxy: Proxy(), setWindowRect: true, strictFileInteractability: false, timeouts: {implicit: 0, pageLoad: 300000, script: 30000}, unhandledPromptBehavior: dismiss and notify, webauthn:extension:credBlob: true, webauthn:extension:largeBlob: true, webauthn:extension:minPinLength: true, webauthn:extension:prf: true, webauthn:virtualAuthenticators: true}
Session ID: 574a8294bf8d0a229c0a908731fc455e
*** Element info: {Using=xpath, value=//a[@title='Accounts Tab']}
at java.base/jdk.internal.reflect.DirectConstructorHandleAccessor.newInstance(DirectConstructorHandleAccessor.java:62)
at java.base/java.lang.reflect.Constructor.newInstanceWithCaller(Constructor.java:501)
at java.base/java.lang.reflect.Constructor.newInstance(Constructor.java:485)
at org.openqa.selenium.remote.http.W3CHttpResponseCodec.createException(W3CHttpResponseCodec.java:187)
at org.openqa.selenium.remote.http.W3CHttpResponseCodec.decode(W3CHttpResponseCodec.java:122)
at org.openqa.selenium.remote.http.W3CHttpResponseCodec.decode(W3CHttpResponseCodec.java:49)
at org.openqa.selenium.remote.HttpCommandExecutor.execute(HttpCommandExecutor.java:158)
at org.openqa.selenium.remote.service.DriverCommandExecutor.execute(DriverCommandExecutor.java:83)
at org.openqa.selenium.remote.RemoteWebDriver.execute(RemoteWebDriver.java:552)
at org.openqa.selenium.remote.RemoteWebDriver.findElement(RemoteWebDriver.java:323)
at org.openqa.selenium.remote.RemoteWebDriver.findElementByXPath(RemoteWebDriver.java:428)
at org.openqa.selenium.By$ByXPath.findElement(By.java:353)
at org.openqa.selenium.remote.RemoteWebDriver.findElement(RemoteWebDriver.java:315)
at org.openqa.selenium.support.pagefactory.DefaultElementLocator.findElement(DefaultElementLocator.java:69)
at org.openqa.selenium.support.pagefactory.internal.LocatingElementHandler.invoke(LocatingElementHandler.java:38)
at jdk.proxy2/jdk.proxy2.$Proxy8.isDisplayed(Unknown Source)
at org.openqa.selenium.support.ui.ExpectedConditions.elementIfVisible(ExpectedConditions.java:314)
at org.openqa.selenium.support.ui.ExpectedConditions.access$000(ExpectedConditions.java:43)
at org.openqa.selenium.support.ui.ExpectedConditions$10.apply(ExpectedConditions.java:300)
at org.openqa.selenium.support.ui.ExpectedConditions$10.apply(ExpectedConditions.java:297)
at org.openqa.selenium.support.ui.FluentWait.until(FluentWait.java:249)
... 32 more
]]>
            </full-stacktrace>
          </exception> <!-- org.openqa.selenium.TimeoutException -->
          <reporter-output>
          </reporter-output>
        </test-method> <!-- editView12 -->
        <test-method is-config="true" signature="teardown()[pri:0, instance:testcases.CreateAccounttest@7c7a06ec]" started-at="2025-05-30T07:03:49 CDT" name="teardown" finished-at="2025-05-30T07:03:49 CDT" duration-ms="103" status="PASS">
          <reporter-output>
          </reporter-output>
        </test-method> <!-- teardown -->
        <test-method is-config="true" signature="beforeMethod()[pri:0, instance:testcases.CreateAccounttest@7c7a06ec]" started-at="2025-05-30T07:03:49 CDT" name="beforeMethod" finished-at="2025-05-30T07:03:50 CDT" duration-ms="1441" status="PASS">
          <reporter-output>
          </reporter-output>
        </test-method> <!-- beforeMethod -->
        <test-method signature="mergeAccount13()[pri:4, instance:testcases.CreateAccounttest@7c7a06ec]" started-at="2025-05-30T07:03:50 CDT" name="mergeAccount13" finished-at="2025-05-30T07:04:11 CDT" duration-ms="21253" status="FAIL">
          <exception class="org.openqa.selenium.TimeoutException">
            <message>
              <![CDATA[Expected condition failed: waiting for visibility of Proxy element for: DefaultElementLocator 'By.xpath: //a[@title='Accounts Tab']' (tried for 20 second(s) with 500 milliseconds interval)]]>
            </message>
            <full-stacktrace>
              <![CDATA[org.openqa.selenium.TimeoutException: Expected condition failed: waiting for visibility of Proxy element for: DefaultElementLocator 'By.xpath: //a[@title='Accounts Tab']' (tried for 20 second(s) with 500 milliseconds interval)
at org.openqa.selenium.support.ui.WebDriverWait.timeoutException(WebDriverWait.java:95)
at org.openqa.selenium.support.ui.FluentWait.until(FluentWait.java:272)
at base.Basepage.waitforElement(Basepage.java:23)
at testcases.CreateAccounttest.mergeAccount13(CreateAccounttest.java:122)
at java.base/jdk.internal.reflect.DirectMethodHandleAccessor.invoke(DirectMethodHandleAccessor.java:103)
at java.base/java.lang.reflect.Method.invoke(Method.java:580)
at org.testng.internal.invokers.MethodInvocationHelper.invokeMethod(MethodInvocationHelper.java:141)
at org.testng.internal.invokers.TestInvoker.invokeMethod(TestInvoker.java:687)
at org.testng.internal.invokers.TestInvoker.invokeTestMethod(TestInvoker.java:230)
at org.testng.internal.invokers.MethodRunner.runInSequence(MethodRunner.java:63)
at org.testng.internal.invokers.TestInvoker$MethodInvocationAgent.invoke(TestInvoker.java:995)
at org.testng.internal.invokers.TestInvoker.invokeTestMethods(TestInvoker.java:203)
at org.testng.internal.invokers.TestMethodWorker.invokeTestMethods(TestMethodWorker.java:154)
at org.testng.internal.invokers.TestMethodWorker.run(TestMethodWorker.java:134)
at java.base/java.util.ArrayList.forEach(ArrayList.java:1597)
at org.testng.TestRunner.privateRun(TestRunner.java:741)
at org.testng.TestRunner.run(TestRunner.java:616)
at org.testng.SuiteRunner.runTest(SuiteRunner.java:421)
at org.testng.SuiteRunner.runSequentially(SuiteRunner.java:413)
at org.testng.SuiteRunner.privateRun(SuiteRunner.java:373)
at org.testng.SuiteRunner.run(SuiteRunner.java:312)
at org.testng.SuiteRunnerWorker.runSuite(SuiteRunnerWorker.java:52)
at org.testng.SuiteRunnerWorker.run(SuiteRunnerWorker.java:95)
at org.testng.TestNG.runSuitesSequentially(TestNG.java:1274)
at org.testng.TestNG.runSuitesLocally(TestNG.java:1208)
at org.testng.TestNG.runSuites(TestNG.java:1112)
at org.testng.TestNG.run(TestNG.java:1079)
at org.apache.maven.surefire.testng.TestNGExecutor.run(TestNGExecutor.java:308)
at org.apache.maven.surefire.testng.TestNGXmlTestSuite.execute(TestNGXmlTestSuite.java:71)
at org.apache.maven.surefire.testng.TestNGProvider.invoke(TestNGProvider.java:113)
at org.apache.maven.surefire.booter.ForkedBooter.runSuitesInProcess(ForkedBooter.java:385)
at org.apache.maven.surefire.booter.ForkedBooter.execute(ForkedBooter.java:162)
at org.apache.maven.surefire.booter.ForkedBooter.run(ForkedBooter.java:507)
at org.apache.maven.surefire.booter.ForkedBooter.main(ForkedBooter.java:495)
Caused by: org.openqa.selenium.NoSuchElementException: no such element: Unable to locate element: {"method":"xpath","selector":"//a[@title='Accounts Tab']"}
  (Session info: chrome=137.0.7151.55)
For documentation on this error, please visit: https://www.seleniumhq.org/exceptions/no_such_element.html
Build info: version: '3.141.59', revision: 'e82be7d358', time: '2018-11-14T08:17:03'
System info: host: 'LAPTOP-ASCRCERK', ip: '192.168.1.213', os.name: 'Windows 10', os.arch: 'amd64', os.version: '10.0', java.version: '23.0.2'
Driver info: org.openqa.selenium.chrome.ChromeDriver
Capabilities {acceptInsecureCerts: false, browserName: chrome, browserVersion: 137.0.7151.55, chrome: {chromedriverVersion: 137.0.7151.55 (254bc711794d..., userDataDir: C:\Users\mailm\AppData\Loca...}, fedcm:accounts: true, goog:chromeOptions: {debuggerAddress: localhost:62771}, javascriptEnabled: true, networkConnectionEnabled: false, pageLoadStrategy: normal, platform: WINDOWS, platformName: WINDOWS, proxy: Proxy(), setWindowRect: true, strictFileInteractability: false, timeouts: {implicit: 0, pageLoad: 300000, script: 30000}, unhandledPromptBehavior: dismiss and notify, webauthn:extension:credBlob: true, webauthn:extension:largeBlob: true, webauthn:extension:minPinLength: true, webauthn:extension:prf: true, webauthn:virtualAuthenticators: true}
Session ID: 2e2874bf9967bad43ca26e30aa1880d3
*** Element info: {Using=xpath, value=//a[@title='Accounts Tab']}
at java.base/jdk.internal.reflect.DirectConstructorHandleAccessor.newInstance(DirectConstructorHandleAccessor.java:62)
at java.base/java.lang.reflect.Constructor.newInstanceWithCaller(Constructor.java:501)
at java.base/java.lang.reflect.Constructor.newInstance(Constructor.java:485)
at org.openqa.selenium.remote.http.W3CHttpResponseCodec.createException(W3CHttpResponseCodec.java:187)
at org.openqa.selenium.remote.http.W3CHttpResponseCodec.decode(W3CHttpResponseCodec.java:122)
at org.openqa.selenium.remote.http.W3CHttpResponseCodec.decode(W3CHttpResponseCodec.java:49)
at org.openqa.selenium.remote.HttpCommandExecutor.execute(HttpCommandExecutor.java:158)
at org.openqa.selenium.remote.service.DriverCommandExecutor.execute(DriverCommandExecutor.java:83)
at org.openqa.selenium.remote.RemoteWebDriver.execute(RemoteWebDriver.java:552)
at org.openqa.selenium.remote.RemoteWebDriver.findElement(RemoteWebDriver.java:323)
at org.openqa.selenium.remote.RemoteWebDriver.findElementByXPath(RemoteWebDriver.java:428)
at org.openqa.selenium.By$ByXPath.findElement(By.java:353)
at org.openqa.selenium.remote.RemoteWebDriver.findElement(RemoteWebDriver.java:315)
at org.openqa.selenium.support.pagefactory.DefaultElementLocator.findElement(DefaultElementLocator.java:69)
at org.openqa.selenium.support.pagefactory.internal.LocatingElementHandler.invoke(LocatingElementHandler.java:38)
at jdk.proxy2/jdk.proxy2.$Proxy8.isDisplayed(Unknown Source)
at org.openqa.selenium.support.ui.ExpectedConditions.elementIfVisible(ExpectedConditions.java:314)
at org.openqa.selenium.support.ui.ExpectedConditions.access$000(ExpectedConditions.java:43)
at org.openqa.selenium.support.ui.ExpectedConditions$10.apply(ExpectedConditions.java:300)
at org.openqa.selenium.support.ui.ExpectedConditions$10.apply(ExpectedConditions.java:297)
at org.openqa.selenium.support.ui.FluentWait.until(FluentWait.java:249)
... 32 more
]]>
            </full-stacktrace>
          </exception> <!-- org.openqa.selenium.TimeoutException -->
          <reporter-output>
          </reporter-output>
        </test-method> <!-- mergeAccount13 -->
        <test-method is-config="true" signature="teardown()[pri:0, instance:testcases.CreateAccounttest@7c7a06ec]" started-at="2025-05-30T07:04:11 CDT" name="teardown" finished-at="2025-05-30T07:04:12 CDT" duration-ms="61" status="PASS">
          <reporter-output>
          </reporter-output>
        </test-method> <!-- teardown -->
      </class> <!-- testcases.CreateAccounttest -->
      <class name="testcases.Leadstest">
        <test-method is-config="true" signature="beforeMethod()[pri:0, instance:testcases.Leadstest@557caf28]" started-at="2025-05-30T07:04:42 CDT" name="beforeMethod" finished-at="2025-05-30T07:04:43 CDT" duration-ms="1389" status="PASS">
          <reporter-output>
          </reporter-output>
        </test-method> <!-- beforeMethod -->
        <test-method signature="leadsTab20()[pri:1, instance:testcases.Leadstest@557caf28]" started-at="2025-05-30T07:04:43 CDT" name="leadsTab20" finished-at="2025-05-30T07:04:46 CDT" duration-ms="2754" status="PASS">
          <reporter-output>
          </reporter-output>
        </test-method> <!-- leadsTab20 -->
        <test-method is-config="true" signature="teardown()[pri:0, instance:testcases.Leadstest@557caf28]" started-at="2025-05-30T07:04:46 CDT" name="teardown" finished-at="2025-05-30T07:04:46 CDT" duration-ms="94" status="PASS">
          <reporter-output>
          </reporter-output>
        </test-method> <!-- teardown -->
        <test-method is-config="true" signature="beforeMethod()[pri:0, instance:testcases.Leadstest@557caf28]" started-at="2025-05-30T07:04:46 CDT" name="beforeMethod" finished-at="2025-05-30T07:04:47 CDT" duration-ms="1337" status="PASS">
          <reporter-output>
          </reporter-output>
        </test-method> <!-- beforeMethod -->
        <test-method signature="leadsSelectView21()[pri:2, instance:testcases.Leadstest@557caf28]" started-at="2025-05-30T07:04:47 CDT" name="leadsSelectView21" finished-at="2025-05-30T07:04:51 CDT" duration-ms="3474" status="PASS">
          <reporter-output>
          </reporter-output>
        </test-method> <!-- leadsSelectView21 -->
        <test-method is-config="true" signature="teardown()[pri:0, instance:testcases.Leadstest@557caf28]" started-at="2025-05-30T07:04:51 CDT" name="teardown" finished-at="2025-05-30T07:04:51 CDT" duration-ms="93" status="PASS">
          <reporter-output>
          </reporter-output>
        </test-method> <!-- teardown -->
        <test-method is-config="true" signature="beforeMethod()[pri:0, instance:testcases.Leadstest@557caf28]" started-at="2025-05-30T07:04:51 CDT" name="beforeMethod" finished-at="2025-05-30T07:04:52 CDT" duration-ms="1410" status="PASS">
          <reporter-output>
          </reporter-output>
        </test-method> <!-- beforeMethod -->
        <test-method signature="defaultView22()[pri:3, instance:testcases.Leadstest@557caf28]" started-at="2025-05-30T07:04:52 CDT" name="defaultView22" finished-at="2025-05-30T07:04:58 CDT" duration-ms="6190" status="PASS">
          <reporter-output>
          </reporter-output>
        </test-method> <!-- defaultView22 -->
        <test-method is-config="true" signature="teardown()[pri:0, instance:testcases.Leadstest@557caf28]" started-at="2025-05-30T07:04:58 CDT" name="teardown" finished-at="2025-05-30T07:04:59 CDT" duration-ms="92" status="PASS">
          <reporter-output>
          </reporter-output>
        </test-method> <!-- teardown -->
        <test-method is-config="true" signature="beforeMethod()[pri:0, instance:testcases.Leadstest@557caf28]" started-at="2025-05-30T07:04:59 CDT" name="beforeMethod" finished-at="2025-05-30T07:05:00 CDT" duration-ms="1628" status="PASS">
          <reporter-output>
          </reporter-output>
        </test-method> <!-- beforeMethod -->
        <test-method signature="todaysLeads23()[pri:4, instance:testcases.Leadstest@557caf28]" started-at="2025-05-30T07:05:00 CDT" name="todaysLeads23" finished-at="2025-05-30T07:05:05 CDT" duration-ms="4555" status="PASS">
          <reporter-output>
          </reporter-output>
        </test-method> <!-- todaysLeads23 -->
        <test-method is-config="true" signature="teardown()[pri:0, instance:testcases.Leadstest@557caf28]" started-at="2025-05-30T07:05:05 CDT" name="teardown" finished-at="2025-05-30T07:05:05 CDT" duration-ms="97" status="PASS">
          <reporter-output>
          </reporter-output>
        </test-method> <!-- teardown -->
        <test-method is-config="true" signature="beforeMethod()[pri:0, instance:testcases.Leadstest@557caf28]" started-at="2025-05-30T07:05:05 CDT" name="beforeMethod" finished-at="2025-05-30T07:05:06 CDT" duration-ms="1602" status="PASS">
          <reporter-output>
          </reporter-output>
        </test-method> <!-- beforeMethod -->
        <test-method signature="checkNewButton24()[pri:5, instance:testcases.Leadstest@557caf28]" started-at="2025-05-30T07:05:06 CDT" name="checkNewButton24" finished-at="2025-05-30T07:05:12 CDT" duration-ms="5332" status="PASS">
          <reporter-output>
          </reporter-output>
        </test-method> <!-- checkNewButton24 -->
        <test-method is-config="true" signature="teardown()[pri:0, instance:testcases.Leadstest@557caf28]" started-at="2025-05-30T07:05:12 CDT" name="teardown" finished-at="2025-05-30T07:05:12 CDT" duration-ms="93" status="PASS">
          <reporter-output>
          </reporter-output>
        </test-method> <!-- teardown -->
      </class> <!-- testcases.Leadstest -->
    </test> <!-- Sales force Automation -->
  </suite> <!-- Automation -->
</testng-results>
