<!DOCTYPE html PUBLIC "-//W3C//DTD XHTML 1.1//EN" "https://www.w3.org/TR/xhtml11/DTD/xhtml11.dtd">
<html xmlns="https://www.w3.org/1999/xhtml">
<head>
<meta http-equiv="content-type" content="text/html; charset=UTF-8"/>
<title>TestNG Report</title>
<style type="text/css">table {margin-bottom:10px;border-collapse:collapse;empty-cells:show}th,td {border:1px solid #009;padding:.25em .5em}th {vertical-align:bottom}td {vertical-align:top}table a {font-weight:bold}.stripe td {background-color: #E6EBF9}.num {text-align:right}.passedodd td {background-color: #3F3}.passedeven td {background-color: #0A0}.skippedodd td {background-color: #DDD}.skippedeven td {background-color: #CCC}.failedodd td,.attn {background-color: #F33}.failedeven td,.stripe .attn {background-color: #D00}.stacktrace {white-space:pre;font-family:monospace}.totop {font-size:85%;text-align:center;border-bottom:2px solid #000}.invisible {display:none}</style>
</head>
<body>
<table>
<tr><th>Test</th><th># Passed</th><th># Skipped</th><th># Retried</th><th># Failed</th><th>Time (ms)</th><th>Included Groups</th><th>Excluded Groups</th></tr>
<tr><th colspan="8">Automation</th></tr>
<tr><td><a href="#t0">Sales force Automation</a></td><td class="num">34</td><td class="num">0</td><td class="num">0</td><td class="num attn">4</td><td class="num">302,713</td><td></td><td></td></tr>
</table>
<table id='summary'><thead><tr><th>Class</th><th>Method</th><th>Start</th><th>Time (ms)</th></tr></thead><tbody><tr><th colspan="4">Automation</th></tr></tbody><tbody id="t0"><tr><th colspan="4">Sales force Automation &#8212; failed</th></tr><tr class="failedeven"><td rowspan="1">testcases.Contactstest</td><td><a href="#m0">checkMyContacts28</a></td><td rowspan="1">1748838268417</td><td rowspan="1">11555</td></tr><tr class="failedodd"><td rowspan="1">testcases.CreateAccounttest</td><td><a href="#m1">mergeAccount13</a></td><td rowspan="1">1748838165300</td><td rowspan="1">4505</td></tr><tr class="failedeven"><td rowspan="1">testcases.Leadstest</td><td><a href="#m2">checkNewButton24</a></td><td rowspan="1">1748838239703</td><td rowspan="1">4968</td></tr><tr class="failedodd"><td rowspan="1">testcases.UsermenuDropdowntest</td><td><a href="#m3">developerConsole8</a></td><td rowspan="1">1748838097620</td><td rowspan="1">38852</td></tr><tr><th colspan="4">Sales force Automation &#8212; passed</th></tr><tr class="passedeven"><td rowspan="7">testcases.Contactstest</td><td><a href="#m4">cancelButtonInCreateNewView31</a></td><td rowspan="1">1748838293445</td><td rowspan="1">4884</td></tr><tr class="passedeven"><td><a href="#m5">createNewContact25</a></td><td rowspan="1">1748838246571</td><td rowspan="1">5041</td></tr><tr class="passedeven"><td><a href="#m6">createNewViewContactPage26</a></td><td rowspan="1">1748838253404</td><td rowspan="1">5369</td></tr><tr class="passedeven"><td><a href="#m7">createdContactIsInTheContactpage27</a></td><td rowspan="1">1748838260576</td><td rowspan="1">6166</td></tr><tr class="passedeven"><td><a href="#m8">saveAndNewButton32</a></td><td rowspan="1">1748838300039</td><td rowspan="1">8232</td></tr><tr class="passedeven"><td><a href="#m9">viewAContact29</a></td><td rowspan="1">1748838281586</td><td rowspan="1">3921</td></tr><tr class="passedeven"><td><a href="#m10">viewAContact30</a></td><td rowspan="1">1748838287167</td><td rowspan="1">4575</td></tr><tr class="passedodd"><td rowspan="5">testcases.CreatOpportunitiestest</td><td><a href="#m11">createNewOpty16</a></td><td rowspan="1">1748838186890</td><td rowspan="1">6302</td></tr><tr class="passedodd"><td><a href="#m12">oppoPipeLineReport17</a></td><td rowspan="1">1748838195053</td><td rowspan="1">3686</td></tr><tr class="passedodd"><td><a href="#m13">opportunitiesDropdown15</a></td><td rowspan="1">1748838181363</td><td rowspan="1">3496</td></tr><tr class="passedodd"><td><a href="#m14">quaterlySummaryReport19</a></td><td rowspan="1">1748838207250</td><td rowspan="1">3754</td></tr><tr class="passedodd"><td><a href="#m15">stuckOpportunitiesReport18</a></td><td rowspan="1">1748838200731</td><td rowspan="1">4928</td></tr><tr class="passedeven"><td rowspan="4">testcases.CreateAccounttest</td><td><a href="#m16">createAccount10</a></td><td rowspan="1">1748838143800</td><td rowspan="1">5364</td></tr><tr class="passedeven"><td><a href="#m17">createAccountReport14</a></td><td rowspan="1">1748838171733</td><td rowspan="1">8092</td></tr><tr class="passedeven"><td><a href="#m18">createNewView11</a></td><td rowspan="1">1748838151614</td><td rowspan="1">4903</td></tr><tr class="passedeven"><td><a href="#m19">editView12</a></td><td rowspan="1">1748838158117</td><td rowspan="1">5637</td></tr><tr class="passedodd"><td rowspan="4">testcases.Leadstest</td><td><a href="#m20">defaultView22</a></td><td rowspan="1">1748838223498</td><td rowspan="1">8088</td></tr><tr class="passedodd"><td><a href="#m21">leadsSelectView21</a></td><td rowspan="1">1748838218214</td><td rowspan="1">3336</td></tr><tr class="passedodd"><td><a href="#m22">leadsTab20</a></td><td rowspan="1">1748838212885</td><td rowspan="1">3428</td></tr><tr class="passedodd"><td><a href="#m23">todaysLeads23</a></td><td rowspan="1">1748838233280</td><td rowspan="1">4499</td></tr><tr class="passedeven"><td rowspan="5">testcases.Logintest</td><td><a href="#m24">checkRememberMe3</a></td><td rowspan="1">1748838059798</td><td rowspan="1">3672</td></tr><tr class="passedeven"><td><a href="#m25">forgotpswd4a</a></td><td rowspan="1">1748838065021</td><td rowspan="1">723</td></tr><tr class="passedeven"><td><a href="#m26">forgotpswd4b</a></td><td rowspan="1">1748838067331</td><td rowspan="1">333</td></tr><tr class="passedeven"><td><a href="#m27">loginwithValidusernameandInvalidpassword1</a></td><td rowspan="1">1748838052778</td><td rowspan="1">727</td></tr><tr class="passedeven"><td><a href="#m28">logwithvalidusernameandpassword2</a></td><td rowspan="1">1748838055087</td><td rowspan="1">3111</td></tr><tr class="passedodd"><td rowspan="5">testcases.RandomScenariostest</td><td><a href="#m29">blockingAnEventInTheCalender36</a></td><td rowspan="1">1748838336101</td><td rowspan="1">7164</td></tr><tr class="passedodd"><td><a href="#m30">blockingAnEventWeeklyRecurrance37</a></td><td rowspan="1">1748838345012</td><td rowspan="1">8124</td></tr><tr class="passedodd"><td><a href="#m31">verifyEditedLastNames34</a></td><td rowspan="1">1748838316821</td><td rowspan="1">7550</td></tr><tr class="passedodd"><td><a href="#m32">verifyFirstNameLastName33</a></td><td rowspan="1">1748838309936</td><td rowspan="1">5220</td></tr><tr class="passedodd"><td><a href="#m33">verifyTabCustomization35</a></td><td rowspan="1">1748838326156</td><td rowspan="1">8244</td></tr><tr class="passedeven"><td rowspan="4">testcases.UsermenuDropdowntest</td><td><a href="#m34">logoutOption9</a></td><td rowspan="1">1748838138012</td><td rowspan="1">4286</td></tr><tr class="passedeven"><td><a href="#m35">myProfileTC6</a></td><td rowspan="1">1748838073408</td><td rowspan="1">11835</td></tr><tr class="passedeven"><td><a href="#m36">mySettingsOption7</a></td><td rowspan="1">1748838087416</td><td rowspan="1">8354</td></tr><tr class="passedeven"><td><a href="#m37">selectUsermenuDropdownTC5</a></td><td rowspan="1">1748838069202</td><td rowspan="1">2743</td></tr></tbody>
</table>
<h2>Sales force Automation</h2><h3 id="m0">testcases.Contactstest#checkMyContacts28</h3><table class="result"><tr><th>Exception</th></tr><tr><td><div class="stacktrace">java.lang.AssertionError: Expected contact name &apos;Indian&apos; not found in My Contacts. expected [true] but found [false]
	at testcases.Contactstest.checkMyContacts28(Contactstest.java:129)
	at java.base/java.util.ArrayList.forEach(ArrayList.java:1597)
... Removed 28 stack frames</div></td></tr></table><p class="totop"><a href="#summary">back to summary</a></p>
<h3 id="m1">testcases.CreateAccounttest#mergeAccount13</h3><table class="result"><tr><th>Exception</th></tr><tr><td><div class="stacktrace">org.openqa.selenium.NoSuchElementException: no such element: Unable to locate element: {&quot;method&quot;:&quot;xpath&quot;,&quot;selector&quot;:&quot;//h2[normalize-space()=&apos;Step 2. Select the values to retain&apos;]&quot;}
  (Session info: chrome=137.0.7151.55)
For documentation on this error, please visit: https://www.seleniumhq.org/exceptions/no_such_element.html
Build info: version: &apos;3.141.59&apos;, revision: &apos;e82be7d358&apos;, time: &apos;2018-11-14T08:17:03&apos;
System info: host: &apos;LAPTOP-ASCRCERK&apos;, ip: &apos;192.168.1.213&apos;, os.name: &apos;Windows 10&apos;, os.arch: &apos;amd64&apos;, os.version: &apos;10.0&apos;, java.version: &apos;23.0.2&apos;
Driver info: org.openqa.selenium.chrome.ChromeDriver
Capabilities {acceptInsecureCerts: false, browserName: chrome, browserVersion: 137.0.7151.55, chrome: {chromedriverVersion: 137.0.7151.55 (254bc711794d..., userDataDir: C:\Users\mailm\AppData\Loca...}, fedcm:accounts: true, goog:chromeOptions: {debuggerAddress: localhost:51179}, javascriptEnabled: true, networkConnectionEnabled: false, pageLoadStrategy: normal, platform: WINDOWS, platformName: WINDOWS, proxy: Proxy(), setWindowRect: true, strictFileInteractability: false, timeouts: {implicit: 0, pageLoad: 300000, script: 30000}, unhandledPromptBehavior: dismiss and notify, webauthn:extension:credBlob: true, webauthn:extension:largeBlob: true, webauthn:extension:minPinLength: true, webauthn:extension:prf: true, webauthn:virtualAuthenticators: true}
Session ID: fcca561d2f25054bdba273738e44bf8b
*** Element info: {Using=xpath, value=//h2[normalize-space()=&apos;Step 2. Select the values to retain&apos;]}
	at org.openqa.selenium.remote.http.W3CHttpResponseCodec.createException(W3CHttpResponseCodec.java:187)
	at org.openqa.selenium.remote.http.W3CHttpResponseCodec.decode(W3CHttpResponseCodec.java:122)
	at org.openqa.selenium.remote.http.W3CHttpResponseCodec.decode(W3CHttpResponseCodec.java:49)
	at org.openqa.selenium.remote.HttpCommandExecutor.execute(HttpCommandExecutor.java:158)
	at org.openqa.selenium.remote.service.DriverCommandExecutor.execute(DriverCommandExecutor.java:83)
	at org.openqa.selenium.remote.RemoteWebDriver.execute(RemoteWebDriver.java:552)
	at org.openqa.selenium.remote.RemoteWebDriver.findElement(RemoteWebDriver.java:323)
	at org.openqa.selenium.remote.RemoteWebDriver.findElementByXPath(RemoteWebDriver.java:428)
	at org.openqa.selenium.By$ByXPath.findElement(By.java:353)
	at org.openqa.selenium.remote.RemoteWebDriver.findElement(RemoteWebDriver.java:315)
	at org.openqa.selenium.support.pagefactory.DefaultElementLocator.findElement(DefaultElementLocator.java:69)
	at org.openqa.selenium.support.pagefactory.internal.LocatingElementHandler.invoke(LocatingElementHandler.java:38)
	at jdk.proxy2/jdk.proxy2.$Proxy11.getText(Unknown Source)
	at pages.CreateAccountPage.verifyStep2Merging(CreateAccountPage.java:275)
	at testcases.CreateAccounttest.mergeAccount13(CreateAccounttest.java:133)
	at java.base/java.util.ArrayList.forEach(ArrayList.java:1597)
... Removed 28 stack frames</div></td></tr></table><p class="totop"><a href="#summary">back to summary</a></p>
<h3 id="m2">testcases.Leadstest#checkNewButton24</h3><table class="result"><tr><th>Exception</th></tr><tr><td><div class="stacktrace">org.openqa.selenium.StaleElementReferenceException: stale element reference: stale element not found
  (Session info: chrome=137.0.7151.55)
For documentation on this error, please visit: https://www.seleniumhq.org/exceptions/stale_element_reference.html
Build info: version: &apos;3.141.59&apos;, revision: &apos;e82be7d358&apos;, time: &apos;2018-11-14T08:17:03&apos;
System info: host: &apos;LAPTOP-ASCRCERK&apos;, ip: &apos;192.168.1.213&apos;, os.name: &apos;Windows 10&apos;, os.arch: &apos;amd64&apos;, os.version: &apos;10.0&apos;, java.version: &apos;23.0.2&apos;
Driver info: org.openqa.selenium.chrome.ChromeDriver
Capabilities {acceptInsecureCerts: false, browserName: chrome, browserVersion: 137.0.7151.55, chrome: {chromedriverVersion: 137.0.7151.55 (254bc711794d..., userDataDir: C:\Users\mailm\AppData\Loca...}, fedcm:accounts: true, goog:chromeOptions: {debuggerAddress: localhost:51584}, javascriptEnabled: true, networkConnectionEnabled: false, pageLoadStrategy: normal, platform: WINDOWS, platformName: WINDOWS, proxy: Proxy(), setWindowRect: true, strictFileInteractability: false, timeouts: {implicit: 0, pageLoad: 300000, script: 30000}, unhandledPromptBehavior: dismiss and notify, webauthn:extension:credBlob: true, webauthn:extension:largeBlob: true, webauthn:extension:minPinLength: true, webauthn:extension:prf: true, webauthn:virtualAuthenticators: true}
Session ID: 3d20c16410fb8775ddb0bccdbfb7fa77
	at org.openqa.selenium.remote.http.W3CHttpResponseCodec.createException(W3CHttpResponseCodec.java:187)
	at org.openqa.selenium.remote.http.W3CHttpResponseCodec.decode(W3CHttpResponseCodec.java:122)
	at org.openqa.selenium.remote.http.W3CHttpResponseCodec.decode(W3CHttpResponseCodec.java:49)
	at org.openqa.selenium.remote.HttpCommandExecutor.execute(HttpCommandExecutor.java:158)
	at org.openqa.selenium.remote.service.DriverCommandExecutor.execute(DriverCommandExecutor.java:83)
	at org.openqa.selenium.remote.RemoteWebDriver.execute(RemoteWebDriver.java:552)
	at org.openqa.selenium.remote.RemoteWebElement.execute(RemoteWebElement.java:285)
	at org.openqa.selenium.remote.RemoteWebElement.isDisplayed(RemoteWebElement.java:326)
	at org.openqa.selenium.support.pagefactory.internal.LocatingElementHandler.invoke(LocatingElementHandler.java:51)
	at jdk.proxy2/jdk.proxy2.$Proxy11.isDisplayed(Unknown Source)
	at org.openqa.selenium.support.ui.ExpectedConditions.elementIfVisible(ExpectedConditions.java:314)
	at org.openqa.selenium.support.ui.ExpectedConditions.access$000(ExpectedConditions.java:43)
	at org.openqa.selenium.support.ui.ExpectedConditions$10.apply(ExpectedConditions.java:300)
	at org.openqa.selenium.support.ui.ExpectedConditions$10.apply(ExpectedConditions.java:297)
	at org.openqa.selenium.support.ui.FluentWait.until(FluentWait.java:249)
	at base.Basepage.waitforElement(Basepage.java:25)
	at testcases.Leadstest.checkNewButton24(Leadstest.java:129)
	at java.base/java.util.ArrayList.forEach(ArrayList.java:1597)
... Removed 30 stack frames</div></td></tr></table><p class="totop"><a href="#summary">back to summary</a></p>
<h3 id="m3">testcases.UsermenuDropdowntest#developerConsole8</h3><table class="result"><tr><th>Exception</th></tr><tr><td><div class="stacktrace">org.openqa.selenium.TimeoutException: Expected condition failed: waiting for visibility of Proxy element for: DefaultElementLocator &apos;By.id: userNavLabel&apos; (tried for 20 second(s) with 500 milliseconds interval)
	at org.openqa.selenium.support.ui.WebDriverWait.timeoutException(WebDriverWait.java:95)
	at org.openqa.selenium.support.ui.FluentWait.until(FluentWait.java:272)
	at base.Basepage.waitforElement(Basepage.java:25)
	at testcases.UsermenuDropdowntest.developerConsole8(UsermenuDropdowntest.java:243)
	at java.base/java.util.ArrayList.forEach(ArrayList.java:1597)
Caused by: org.openqa.selenium.NoSuchElementException: no such element: Unable to locate element: {&quot;method&quot;:&quot;css selector&quot;,&quot;selector&quot;:&quot;#userNavLabel&quot;}
  (Session info: chrome=137.0.7151.55)
For documentation on this error, please visit: https://www.seleniumhq.org/exceptions/no_such_element.html
Build info: version: &apos;3.141.59&apos;, revision: &apos;e82be7d358&apos;, time: &apos;2018-11-14T08:17:03&apos;
System info: host: &apos;LAPTOP-ASCRCERK&apos;, ip: &apos;192.168.1.213&apos;, os.name: &apos;Windows 10&apos;, os.arch: &apos;amd64&apos;, os.version: &apos;10.0&apos;, java.version: &apos;23.0.2&apos;
Driver info: org.openqa.selenium.chrome.ChromeDriver
Capabilities {acceptInsecureCerts: false, browserName: chrome, browserVersion: 137.0.7151.55, chrome: {chromedriverVersion: 137.0.7151.55 (254bc711794d..., userDataDir: C:\Users\mailm\AppData\Loca...}, fedcm:accounts: true, goog:chromeOptions: {debuggerAddress: localhost:50975}, javascriptEnabled: true, networkConnectionEnabled: false, pageLoadStrategy: normal, platform: WINDOWS, platformName: WINDOWS, proxy: Proxy(), setWindowRect: true, strictFileInteractability: false, timeouts: {implicit: 0, pageLoad: 300000, script: 30000}, unhandledPromptBehavior: dismiss and notify, webauthn:extension:credBlob: true, webauthn:extension:largeBlob: true, webauthn:extension:minPinLength: true, webauthn:extension:prf: true, webauthn:virtualAuthenticators: true}
Session ID: 0b1c4d01fab5346ad112f5f2dc8d2e0a
*** Element info: {Using=id, value=userNavLabel}
	at org.openqa.selenium.remote.http.W3CHttpResponseCodec.createException(W3CHttpResponseCodec.java:187)
	at org.openqa.selenium.remote.http.W3CHttpResponseCodec.decode(W3CHttpResponseCodec.java:122)
	at org.openqa.selenium.remote.http.W3CHttpResponseCodec.decode(W3CHttpResponseCodec.java:49)
	at org.openqa.selenium.remote.HttpCommandExecutor.execute(HttpCommandExecutor.java:158)
	at org.openqa.selenium.remote.service.DriverCommandExecutor.execute(DriverCommandExecutor.java:83)
	at org.openqa.selenium.remote.RemoteWebDriver.execute(RemoteWebDriver.java:552)
	at org.openqa.selenium.remote.RemoteWebDriver.findElement(RemoteWebDriver.java:323)
	at org.openqa.selenium.remote.RemoteWebDriver.findElementById(RemoteWebDriver.java:372)
	at org.openqa.selenium.By$ById.findElement(By.java:188)
	at org.openqa.selenium.remote.RemoteWebDriver.findElement(RemoteWebDriver.java:315)
	at org.openqa.selenium.support.pagefactory.DefaultElementLocator.findElement(DefaultElementLocator.java:69)
	at org.openqa.selenium.support.pagefactory.internal.LocatingElementHandler.invoke(LocatingElementHandler.java:38)
	at jdk.proxy2/jdk.proxy2.$Proxy11.isDisplayed(Unknown Source)
	at org.openqa.selenium.support.ui.ExpectedConditions.elementIfVisible(ExpectedConditions.java:314)
	at org.openqa.selenium.support.ui.ExpectedConditions.access$000(ExpectedConditions.java:43)
	at org.openqa.selenium.support.ui.ExpectedConditions$10.apply(ExpectedConditions.java:300)
	at org.openqa.selenium.support.ui.ExpectedConditions$10.apply(ExpectedConditions.java:297)
	at org.openqa.selenium.support.ui.FluentWait.until(FluentWait.java:249)
	... 28 more
... Removed 28 stack frames</div></td></tr></table><p class="totop"><a href="#summary">back to summary</a></p>
<h3 id="m4">testcases.Contactstest#cancelButtonInCreateNewView31</h3><table class="result"><tr><th class="invisible"/></tr></table><p class="totop"><a href="#summary">back to summary</a></p>
<h3 id="m5">testcases.Contactstest#createNewContact25</h3><table class="result"><tr><th class="invisible"/></tr></table><p class="totop"><a href="#summary">back to summary</a></p>
<h3 id="m6">testcases.Contactstest#createNewViewContactPage26</h3><table class="result"><tr><th class="invisible"/></tr></table><p class="totop"><a href="#summary">back to summary</a></p>
<h3 id="m7">testcases.Contactstest#createdContactIsInTheContactpage27</h3><table class="result"><tr><th class="invisible"/></tr></table><p class="totop"><a href="#summary">back to summary</a></p>
<h3 id="m8">testcases.Contactstest#saveAndNewButton32</h3><table class="result"><tr><th class="invisible"/></tr></table><p class="totop"><a href="#summary">back to summary</a></p>
<h3 id="m9">testcases.Contactstest#viewAContact29</h3><table class="result"><tr><th class="invisible"/></tr></table><p class="totop"><a href="#summary">back to summary</a></p>
<h3 id="m10">testcases.Contactstest#viewAContact30</h3><table class="result"><tr><th class="invisible"/></tr></table><p class="totop"><a href="#summary">back to summary</a></p>
<h3 id="m11">testcases.CreatOpportunitiestest#createNewOpty16</h3><table class="result"><tr><th class="invisible"/></tr></table><p class="totop"><a href="#summary">back to summary</a></p>
<h3 id="m12">testcases.CreatOpportunitiestest#oppoPipeLineReport17</h3><table class="result"><tr><th class="invisible"/></tr></table><p class="totop"><a href="#summary">back to summary</a></p>
<h3 id="m13">testcases.CreatOpportunitiestest#opportunitiesDropdown15</h3><table class="result"><tr><th class="invisible"/></tr></table><p class="totop"><a href="#summary">back to summary</a></p>
<h3 id="m14">testcases.CreatOpportunitiestest#quaterlySummaryReport19</h3><table class="result"><tr><th class="invisible"/></tr></table><p class="totop"><a href="#summary">back to summary</a></p>
<h3 id="m15">testcases.CreatOpportunitiestest#stuckOpportunitiesReport18</h3><table class="result"><tr><th class="invisible"/></tr></table><p class="totop"><a href="#summary">back to summary</a></p>
<h3 id="m16">testcases.CreateAccounttest#createAccount10</h3><table class="result"><tr><th class="invisible"/></tr></table><p class="totop"><a href="#summary">back to summary</a></p>
<h3 id="m17">testcases.CreateAccounttest#createAccountReport14</h3><table class="result"><tr><th class="invisible"/></tr></table><p class="totop"><a href="#summary">back to summary</a></p>
<h3 id="m18">testcases.CreateAccounttest#createNewView11</h3><table class="result"><tr><th class="invisible"/></tr></table><p class="totop"><a href="#summary">back to summary</a></p>
<h3 id="m19">testcases.CreateAccounttest#editView12</h3><table class="result"><tr><th class="invisible"/></tr></table><p class="totop"><a href="#summary">back to summary</a></p>
<h3 id="m20">testcases.Leadstest#defaultView22</h3><table class="result"><tr><th class="invisible"/></tr></table><p class="totop"><a href="#summary">back to summary</a></p>
<h3 id="m21">testcases.Leadstest#leadsSelectView21</h3><table class="result"><tr><th class="invisible"/></tr></table><p class="totop"><a href="#summary">back to summary</a></p>
<h3 id="m22">testcases.Leadstest#leadsTab20</h3><table class="result"><tr><th class="invisible"/></tr></table><p class="totop"><a href="#summary">back to summary</a></p>
<h3 id="m23">testcases.Leadstest#todaysLeads23</h3><table class="result"><tr><th class="invisible"/></tr></table><p class="totop"><a href="#summary">back to summary</a></p>
<h3 id="m24">testcases.Logintest#checkRememberMe3</h3><table class="result"><tr><th class="invisible"/></tr></table><p class="totop"><a href="#summary">back to summary</a></p>
<h3 id="m25">testcases.Logintest#forgotpswd4a</h3><table class="result"><tr><th class="invisible"/></tr></table><p class="totop"><a href="#summary">back to summary</a></p>
<h3 id="m26">testcases.Logintest#forgotpswd4b</h3><table class="result"><tr><th class="invisible"/></tr></table><p class="totop"><a href="#summary">back to summary</a></p>
<h3 id="m27">testcases.Logintest#loginwithValidusernameandInvalidpassword1</h3><table class="result"><tr><th class="invisible"/></tr></table><p class="totop"><a href="#summary">back to summary</a></p>
<h3 id="m28">testcases.Logintest#logwithvalidusernameandpassword2</h3><table class="result"><tr><th class="invisible"/></tr></table><p class="totop"><a href="#summary">back to summary</a></p>
<h3 id="m29">testcases.RandomScenariostest#blockingAnEventInTheCalender36</h3><table class="result"><tr><th class="invisible"/></tr></table><p class="totop"><a href="#summary">back to summary</a></p>
<h3 id="m30">testcases.RandomScenariostest#blockingAnEventWeeklyRecurrance37</h3><table class="result"><tr><th class="invisible"/></tr></table><p class="totop"><a href="#summary">back to summary</a></p>
<h3 id="m31">testcases.RandomScenariostest#verifyEditedLastNames34</h3><table class="result"><tr><th class="invisible"/></tr></table><p class="totop"><a href="#summary">back to summary</a></p>
<h3 id="m32">testcases.RandomScenariostest#verifyFirstNameLastName33</h3><table class="result"><tr><th class="invisible"/></tr></table><p class="totop"><a href="#summary">back to summary</a></p>
<h3 id="m33">testcases.RandomScenariostest#verifyTabCustomization35</h3><table class="result"><tr><th class="invisible"/></tr></table><p class="totop"><a href="#summary">back to summary</a></p>
<h3 id="m34">testcases.UsermenuDropdowntest#logoutOption9</h3><table class="result"><tr><th class="invisible"/></tr></table><p class="totop"><a href="#summary">back to summary</a></p>
<h3 id="m35">testcases.UsermenuDropdowntest#myProfileTC6</h3><table class="result"><tr><th class="invisible"/></tr></table><p class="totop"><a href="#summary">back to summary</a></p>
<h3 id="m36">testcases.UsermenuDropdowntest#mySettingsOption7</h3><table class="result"><tr><th class="invisible"/></tr></table><p class="totop"><a href="#summary">back to summary</a></p>
<h3 id="m37">testcases.UsermenuDropdowntest#selectUsermenuDropdownTC5</h3><table class="result"><tr><th class="invisible"/></tr></table><p class="totop"><a href="#summary">back to summary</a></p>
</body>
</html>
